
> frontend@0.1.0 dev
> next dev

▲ Next.js 16.2.3 (Turbopack)
- Local:         http://localhost:3000
- Network:       http://192.168.18.103:3000
- Environments: .env.local
✓ Ready in 191ms

Error: Can't resolve 'tailwindcss' in '/Users/briandhakal/Ecom'
    [2m[at finishWithoutResolve (/Users/briandhakal/Ecom/frontend/node_modules/enhanced-resolve/lib/Resolver.js:909:18)][0m
    [2m[at /Users/briandhakal/Ecom/frontend/node_modules/enhanced-resolve/lib/Resolver.js:1001:14][0m
    [2m[at /Users/briandhakal/Ecom/frontend/node_modules/enhanced-resolve/lib/Resolver.js:1080:5][0m
    [2m[at eval (eval at create (/Users/briandhakal/Ecom/frontend/node_modules/tapable/lib/HookCodeFactory.js:31:10), <anonymous>:15:1)][0m
    [2m[at /Users/briandhakal/Ecom/frontend/node_modules/enhanced-resolve/lib/Resolver.js:1080:5][0m
    [2m[at eval (eval at create (/Users/briandhakal/Ecom/frontend/node_modules/tapable/lib/HookCodeFactory.js:31:10), <anonymous>:16:1)][0m
    [2m[at /Users/briandhakal/Ecom/frontend/node_modules/enhanced-resolve/lib/Resolver.js:1080:5][0m
    [2m[at eval (eval at create (/Users/briandhakal/Ecom/frontend/node_modules/tapable/lib/HookCodeFactory.js:31:10), <anonymous>:15:1)][0m
    [2m[at /Users/briandhakal/Ecom/frontend/node_modules/enhanced-resolve/lib/Resolver.js:1080:5][0m
    [2m[at eval (eval at create (/Users/briandhakal/Ecom/frontend/node_modules/tapable/lib/HookCodeFactory.js:31:10), <anonymous>:15:1)][0m {
  details: "resolve 'tailwindcss' in '/Users/briandhakal/Ecom'\n" +
    '  Parsed request is a module\n' +
    '  No description file found in /Users/briandhakal/Ecom or above\n' +
    '  resolve as module\n' +
    '    looking for modules in /Users/briandhakal/Ecom/node_modules\n' +
    '      single file module\n' +
    '        No description file found in /Users/briandhakal/Ecom/node_modules or above\n' +
    '        no extension\n' +
    "          /Users/briandhakal/Ecom/node_modules/tailwindcss doesn't exist\n" +
    '        .css\n' +
    "          /Users/briandhakal/Ecom/node_modules/tailwindcss.css doesn't exist\n" +
    "      /Users/briandhakal/Ecom/node_modules/tailwindcss doesn't exist\n" +
    "    /Users/briandhakal/node_modules doesn't exist or is not a directory\n" +
    "    /Users/node_modules doesn't exist or is not a directory\n" +
    "    /node_modules doesn't exist or is not a directory"
}
○ Compiling / ...
Error: Can't resolve 'tailwindcss' in '/Users/briandhakal/Ecom'
    [2m[at finishWithoutResolve (/Users/briandhakal/Ecom/frontend/node_modules/enhanced-resolve/lib/Resolver.js:909:18)][0m
    [2m[at /Users/briandhakal/Ecom/frontend/node_modules/enhanced-resolve/lib/Resolver.js:1001:14][0m
    [2m[at /Users/briandhakal/Ecom/frontend/node_modules/enhanced-resolve/lib/Resolver.js:1080:5][0m
    [2m[at eval (eval at create (/Users/briandhakal/Ecom/frontend/node_modules/tapable/lib/HookCodeFactory.js:31:10), <anonymous>:15:1)][0m
    [2m[at /Users/briandhakal/Ecom/frontend/node_modules/enhanced-resolve/lib/Resolver.js:1080:5][0m
    [2m[at eval (eval at create (/Users/briandhakal/Ecom/frontend/node_modules/tapable/lib/HookCodeFactory.js:31:10), <anonymous>:16:1)][0m
    [2m[at /Users/briandhakal/Ecom/frontend/node_modules/enhanced-resolve/lib/Resolver.js:1080:5][0m
    [2m[at eval (eval at create (/Users/briandhakal/Ecom/frontend/node_modules/tapable/lib/HookCodeFactory.js:31:10), <anonymous>:15:1)][0m
    [2m[at /Users/briandhakal/Ecom/frontend/node_modules/enhanced-resolve/lib/Resolver.js:1080:5][0m
    [2m[at eval (eval at create (/Users/briandhakal/Ecom/frontend/node_modules/tapable/lib/HookCodeFactory.js:31:10), <anonymous>:15:1)][0m {
  details: "resolve 'tailwindcss' in '/Users/briandhakal/Ecom'\n" +
    '  Parsed request is a module\n' +
    '  No description file found in /Users/briandhakal/Ecom or above\n' +
    '  resolve as module\n' +
    '    looking for modules in /Users/briandhakal/Ecom/node_modules\n' +
    '      single file module\n' +
    '        No description file found in /Users/briandhakal/Ecom/node_modules or above\n' +
    '        no extension\n' +
    "          /Users/briandhakal/Ecom/node_modules/tailwindcss doesn't exist\n" +
    '        .css\n' +
    "          /Users/briandhakal/Ecom/node_modules/tailwindcss.css doesn't exist\n" +
    "      /Users/briandhakal/Ecom/node_modules/tailwindcss doesn't exist\n" +
    "    /Users/briandhakal/node_modules doesn't exist or is not a directory\n" +
    "    /Users/node_modules doesn't exist or is not a directory\n" +
    "    /node_modules doesn't exist or is not a directory"
}
Error: Can't resolve 'tailwindcss' in '/Users/briandhakal/Ecom'
    [2m[at finishWithoutResolve (/Users/briandhakal/Ecom/frontend/node_modules/enhanced-resolve/lib/Resolver.js:909:18)][0m
    [2m[at /Users/briandhakal/Ecom/frontend/node_modules/enhanced-resolve/lib/Resolver.js:1001:14][0m
    [2m[at /Users/briandhakal/Ecom/frontend/node_modules/enhanced-resolve/lib/Resolver.js:1080:5][0m
    [2m[at eval (eval at create (/Users/briandhakal/Ecom/frontend/node_modules/tapable/lib/HookCodeFactory.js:31:10), <anonymous>:15:1)][0m
    [2m[at /Users/briandhakal/Ecom/frontend/node_modules/enhanced-resolve/lib/Resolver.js:1080:5][0m
    [2m[at eval (eval at create (/Users/briandhakal/Ecom/frontend/node_modules/tapable/lib/HookCodeFactory.js:31:10), <anonymous>:16:1)][0m
    [2m[at /Users/briandhakal/Ecom/frontend/node_modules/enhanced-resolve/lib/Resolver.js:1080:5][0m
    [2m[at eval (eval at create (/Users/briandhakal/Ecom/frontend/node_modules/tapable/lib/HookCodeFactory.js:31:10), <anonymous>:15:1)][0m
    [2m[at /Users/briandhakal/Ecom/frontend/node_modules/enhanced-resolve/lib/Resolver.js:1080:5][0m
    [2m[at eval (eval at create (/Users/briandhakal/Ecom/frontend/node_modules/tapable/lib/HookCodeFactory.js:31:10), <anonymous>:15:1)][0m {
  details: "resolve 'tailwindcss' in '/Users/briandhakal/Ecom'\n" +
    '  Parsed request is a module\n' +
    '  No description file found in /Users/briandhakal/Ecom or above\n' +
    '  resolve as module\n' +
    '    looking for modules in /Users/briandhakal/Ecom/node_modules\n' +
    '      single file module\n' +
    '        No description file found in /Users/briandhakal/Ecom/node_modules or above\n' +
    '        no extension\n' +
    "          /Users/briandhakal/Ecom/node_modules/tailwindcss doesn't exist\n" +
    '        .css\n' +
    "          /Users/briandhakal/Ecom/node_modules/tailwindcss.css doesn't exist\n" +
    "      /Users/briandhakal/Ecom/node_modules/tailwindcss doesn't exist\n" +
    "    /Users/briandhakal/node_modules doesn't exist or is not a directory\n" +
    "    /Users/node_modules doesn't exist or is not a directory\n" +
    "    /node_modules doesn't exist or is not a directory"
}
Error: Can't resolve 'tailwindcss' in '/Users/briandhakal/Ecom'
    [2m[at finishWithoutResolve (/Users/briandhakal/Ecom/frontend/node_modules/enhanced-resolve/lib/Resolver.js:909:18)][0m
    [2m[at /Users/briandhakal/Ecom/frontend/node_modules/enhanced-resolve/lib/Resolver.js:1001:14][0m
    [2m[at /Users/briandhakal/Ecom/frontend/node_modules/enhanced-resolve/lib/Resolver.js:1080:5][0m
    [2m[at eval (eval at create (/Users/briandhakal/Ecom/frontend/node_modules/tapable/lib/HookCodeFactory.js:31:10), <anonymous>:15:1)][0m
    [2m[at /Users/briandhakal/Ecom/frontend/node_modules/enhanced-resolve/lib/Resolver.js:1080:5][0m
    [2m[at eval (eval at create (/Users/briandhakal/Ecom/frontend/node_modules/tapable/lib/HookCodeFactory.js:31:10), <anonymous>:16:1)][0m
    [2m[at /Users/briandhakal/Ecom/frontend/node_modules/enhanced-resolve/lib/Resolver.js:1080:5][0m
    [2m[at eval (eval at create (/Users/briandhakal/Ecom/frontend/node_modules/tapable/lib/HookCodeFactory.js:31:10), <anonymous>:15:1)][0m
    [2m[at /Users/briandhakal/Ecom/frontend/node_modules/enhanced-resolve/lib/Resolver.js:1080:5][0m
    [2m[at eval (eval at create (/Users/briandhakal/Ecom/frontend/node_modules/tapable/lib/HookCodeFactory.js:31:10), <anonymous>:15:1)][0m {
  details: "resolve 'tailwindcss' in '/Users/briandhakal/Ecom'\n" +
    '  Parsed request is a module\n' +
    '  No description file found in /Users/briandhakal/Ecom or above\n' +
    '  resolve as module\n' +
    '    looking for modules in /Users/briandhakal/Ecom/node_modules\n' +
    '      single file module\n' +
    '        No description file found in /Users/briandhakal/Ecom/node_modules or above\n' +
    '        no extension\n' +
    "          /Users/briandhakal/Ecom/node_modules/tailwindcss doesn't exist\n" +
    '        .css\n' +
    "          /Users/briandhakal/Ecom/node_modules/tailwindcss.css doesn't exist\n" +
    "      /Users/briandhakal/Ecom/node_modules/tailwindcss doesn't exist\n" +
    "    /Users/briandhakal/node_modules doesn't exist or is not a directory\n" +
    "    /Users/node_modules doesn't exist or is not a directory\n" +
    "    /node_modules doesn't exist or is not a directory"
}
Error: Can't resolve 'tailwindcss' in '/Users/briandhakal/Ecom'
    [2m[at finishWithoutResolve (/Users/briandhakal/Ecom/frontend/node_modules/enhanced-resolve/lib/Resolver.js:909:18)][0m
    [2m[at /Users/briandhakal/Ecom/frontend/node_modules/enhanced-resolve/lib/Resolver.js:1001:14][0m
    [2m[at /Users/briandhakal/Ecom/frontend/node_modules/enhanced-resolve/lib/Resolver.js:1080:5][0m
    [2m[at eval (eval at create (/Users/briandhakal/Ecom/frontend/node_modules/tapable/lib/HookCodeFactory.js:31:10), <anonymous>:15:1)][0m
    [2m[at /Users/briandhakal/Ecom/frontend/node_modules/enhanced-resolve/lib/Resolver.js:1080:5][0m
    [2m[at eval (eval at create (/Users/briandhakal/Ecom/frontend/node_modules/tapable/lib/HookCodeFactory.js:31:10), <anonymous>:16:1)][0m
    [2m[at /Users/briandhakal/Ecom/frontend/node_modules/enhanced-resolve/lib/Resolver.js:1080:5][0m
    [2m[at eval (eval at create (/Users/briandhakal/Ecom/frontend/node_modules/tapable/lib/HookCodeFactory.js:31:10), <anonymous>:15:1)][0m
    [2m[at /Users/briandhakal/Ecom/frontend/node_modules/enhanced-resolve/lib/Resolver.js:1080:5][0m
    [2m[at eval (eval at create (/Users/briandhakal/Ecom/frontend/node_modules/tapable/lib/HookCodeFactory.js:31:10), <anonymous>:15:1)][0m {
  details: "resolve 'tailwindcss' in '/Users/briandhakal/Ecom'\n" +
    '  Parsed request is a module\n' +
    '  No description file found in /Users/briandhakal/Ecom or above\n' +
    '  resolve as module\n' +
    '    looking for modules in /Users/briandhakal/Ecom/node_modules\n' +
    '      single file module\n' +
    '        No description file found in /Users/briandhakal/Ecom/node_modules or above\n' +
    '        no extension\n' +
    "          /Users/briandhakal/Ecom/node_modules/tailwindcss doesn't exist\n" +
    '        .css\n' +
    "          /Users/briandhakal/Ecom/node_modules/tailwindcss.css doesn't exist\n" +
    "      /Users/briandhakal/Ecom/node_modules/tailwindcss doesn't exist\n" +
    "    /Users/briandhakal/node_modules doesn't exist or is not a directory\n" +
    "    /Users/node_modules doesn't exist or is not a directory\n" +
    "    /node_modules doesn't exist or is not a directory"
}
Error: Can't resolve 'tailwindcss' in '/Users/briandhakal/Ecom'
    [2m[at finishWithoutResolve (/Users/briandhakal/Ecom/frontend/node_modules/enhanced-resolve/lib/Resolver.js:909:18)][0m
    [2m[at /Users/briandhakal/Ecom/frontend/node_modules/enhanced-resolve/lib/Resolver.js:1001:14][0m
    [2m[at /Users/briandhakal/Ecom/frontend/node_modules/enhanced-resolve/lib/Resolver.js:1080:5][0m
    [2m[at eval (eval at create (/Users/briandhakal/Ecom/frontend/node_modules/tapable/lib/HookCodeFactory.js:31:10), <anonymous>:15:1)][0m
    [2m[at /Users/briandhakal/Ecom/frontend/node_modules/enhanced-resolve/lib/Resolver.js:1080:5][0m
    [2m[at eval (eval at create (/Users/briandhakal/Ecom/frontend/node_modules/tapable/lib/HookCodeFactory.js:31:10), <anonymous>:16:1)][0m
    [2m[at /Users/briandhakal/Ecom/frontend/node_modules/enhanced-resolve/lib/Resolver.js:1080:5][0m
    [2m[at eval (eval at create (/Users/briandhakal/Ecom/frontend/node_modules/tapable/lib/HookCodeFactory.js:31:10), <anonymous>:15:1)][0m
    [2m[at /Users/briandhakal/Ecom/frontend/node_modules/enhanced-resolve/lib/Resolver.js:1080:5][0m
    [2m[at eval (eval at create (/Users/briandhakal/Ecom/frontend/node_modules/tapable/lib/HookCodeFactory.js:31:10), <anonymous>:15:1)][0m {
  details: "resolve 'tailwindcss' in '/Users/briandhakal/Ecom'\n" +
    '  Parsed request is a module\n' +
    '  No description file found in /Users/briandhakal/Ecom or above\n' +
    '  resolve as module\n' +
    '    looking for modules in /Users/briandhakal/Ecom/node_modules\n' +
    '      single file module\n' +
    '        No description file found in /Users/briandhakal/Ecom/node_modules or above\n' +
    '        no extension\n' +
    "          /Users/briandhakal/Ecom/node_modules/tailwindcss doesn't exist\n" +
    '        .css\n' +
    "          /Users/briandhakal/Ecom/node_modules/tailwindcss.css doesn't exist\n" +
    "      /Users/briandhakal/Ecom/node_modules/tailwindcss doesn't exist\n" +
    "    /Users/briandhakal/node_modules doesn't exist or is not a directory\n" +
    "    /Users/node_modules doesn't exist or is not a directory\n" +
    "    /node_modules doesn't exist or is not a directory"
}
Error: Can't resolve 'tailwindcss' in '/Users/briandhakal/Ecom'
    [2m[at finishWithoutResolve (/Users/briandhakal/Ecom/frontend/node_modules/enhanced-resolve/lib/Resolver.js:909:18)][0m
    [2m[at /Users/briandhakal/Ecom/frontend/node_modules/enhanced-resolve/lib/Resolver.js:1001:14][0m
    [2m[at /Users/briandhakal/Ecom/frontend/node_modules/enhanced-resolve/lib/Resolver.js:1080:5][0m
    [2m[at eval (eval at create (/Users/briandhakal/Ecom/frontend/node_modules/tapable/lib/HookCodeFactory.js:31:10), <anonymous>:15:1)][0m
    [2m[at /Users/briandhakal/Ecom/frontend/node_modules/enhanced-resolve/lib/Resolver.js:1080:5][0m
    [2m[at eval (eval at create (/Users/briandhakal/Ecom/frontend/node_modules/tapable/lib/HookCodeFactory.js:31:10), <anonymous>:16:1)][0m
    [2m[at /Users/briandhakal/Ecom/frontend/node_modules/enhanced-resolve/lib/Resolver.js:1080:5][0m
    [2m[at eval (eval at create (/Users/briandhakal/Ecom/frontend/node_modules/tapable/lib/HookCodeFactory.js:31:10), <anonymous>:15:1)][0m
    [2m[at /Users/briandhakal/Ecom/frontend/node_modules/enhanced-resolve/lib/Resolver.js:1080:5][0m
    [2m[at eval (eval at create (/Users/briandhakal/Ecom/frontend/node_modules/tapable/lib/HookCodeFactory.js:31:10), <anonymous>:15:1)][0m {
  details: "resolve 'tailwindcss' in '/Users/briandhakal/Ecom'\n" +
    '  Parsed request is a module\n' +
    '  No description file found in /Users/briandhakal/Ecom or above\n' +
    '  resolve as module\n' +
    '    looking for modules in /Users/briandhakal/Ecom/node_modules\n' +
    '      single file module\n' +
    '        No description file found in /Users/briandhakal/Ecom/node_modules or above\n' +
    '        no extension\n' +
    "          /Users/briandhakal/Ecom/node_modules/tailwindcss doesn't exist\n" +
    '        .css\n' +
    "          /Users/briandhakal/Ecom/node_modules/tailwindcss.css doesn't exist\n" +
    "      /Users/briandhakal/Ecom/node_modules/tailwindcss doesn't exist\n" +
    "    /Users/briandhakal/node_modules doesn't exist or is not a directory\n" +
    "    /Users/node_modules doesn't exist or is not a directory\n" +
    "    /node_modules doesn't exist or is not a directory"
}
Error: Can't resolve 'tailwindcss' in '/Users/briandhakal/Ecom'
    [2m[at finishWithoutResolve (/Users/briandhakal/Ecom/frontend/node_modules/enhanced-resolve/lib/Resolver.js:909:18)][0m
    [2m[at /Users/briandhakal/Ecom/frontend/node_modules/enhanced-resolve/lib/Resolver.js:1001:14][0m
    [2m[at /Users/briandhakal/Ecom/frontend/node_modules/enhanced-resolve/lib/Resolver.js:1080:5][0m
    [2m[at eval (eval at create (/Users/briandhakal/Ecom/frontend/node_modules/tapable/lib/HookCodeFactory.js:31:10), <anonymous>:15:1)][0m
    [2m[at /Users/briandhakal/Ecom/frontend/node_modules/enhanced-resolve/lib/Resolver.js:1080:5][0m
    [2m[at eval (eval at create (/Users/briandhakal/Ecom/frontend/node_modules/tapable/lib/HookCodeFactory.js:31:10), <anonymous>:16:1)][0m
    [2m[at /Users/briandhakal/Ecom/frontend/node_modules/enhanced-resolve/lib/Resolver.js:1080:5][0m
    [2m[at eval (eval at create (/Users/briandhakal/Ecom/frontend/node_modules/tapable/lib/HookCodeFactory.js:31:10), <anonymous>:15:1)][0m
    [2m[at /Users/briandhakal/Ecom/frontend/node_modules/enhanced-resolve/lib/Resolver.js:1080:5][0m
    [2m[at eval (eval at create (/Users/briandhakal/Ecom/frontend/node_modules/tapable/lib/HookCodeFactory.js:31:10), <anonymous>:15:1)][0m {
  details: "resolve 'tailwindcss' in '/Users/briandhakal/Ecom'\n" +
    '  Parsed request is a module\n' +
    '  No description file found in /Users/briandhakal/Ecom or above\n' +
    '  resolve as module\n' +
    '    looking for modules in /Users/briandhakal/Ecom/node_modules\n' +
    '      single file module\n' +
    '        No description file found in /Users/briandhakal/Ecom/node_modules or above\n' +
    '        no extension\n' +
    "          /Users/briandhakal/Ecom/node_modules/tailwindcss doesn't exist\n" +
    '        .css\n' +
    "          /Users/briandhakal/Ecom/node_modules/tailwindcss.css doesn't exist\n" +
    "      /Users/briandhakal/Ecom/node_modules/tailwindcss doesn't exist\n" +
    "    /Users/briandhakal/node_modules doesn't exist or is not a directory\n" +
    "    /Users/node_modules doesn't exist or is not a directory\n" +
    "    /node_modules doesn't exist or is not a directory"
}
Error: Can't resolve 'tailwindcss' in '/Users/briandhakal/Ecom'
    [2m[at finishWithoutResolve (/Users/briandhakal/Ecom/frontend/node_modules/enhanced-resolve/lib/Resolver.js:909:18)][0m
    [2m[at /Users/briandhakal/Ecom/frontend/node_modules/enhanced-resolve/lib/Resolver.js:1001:14][0m
    [2m[at /Users/briandhakal/Ecom/frontend/node_modules/enhanced-resolve/lib/Resolver.js:1080:5][0m
    [2m[at eval (eval at create (/Users/briandhakal/Ecom/frontend/node_modules/tapable/lib/HookCodeFactory.js:31:10), <anonymous>:15:1)][0m
    [2m[at /Users/briandhakal/Ecom/frontend/node_modules/enhanced-resolve/lib/Resolver.js:1080:5][0m
    [2m[at eval (eval at create (/Users/briandhakal/Ecom/frontend/node_modules/tapable/lib/HookCodeFactory.js:31:10), <anonymous>:16:1)][0m
    [2m[at /Users/briandhakal/Ecom/frontend/node_modules/enhanced-resolve/lib/Resolver.js:1080:5][0m
    [2m[at eval (eval at create (/Users/briandhakal/Ecom/frontend/node_modules/tapable/lib/HookCodeFactory.js:31:10), <anonymous>:15:1)][0m
    [2m[at /Users/briandhakal/Ecom/frontend/node_modules/enhanced-resolve/lib/Resolver.js:1080:5][0m
    [2m[at eval (eval at create (/Users/briandhakal/Ecom/frontend/node_modules/tapable/lib/HookCodeFactory.js:31:10), <anonymous>:15:1)][0m {
  details: "resolve 'tailwindcss' in '/Users/briandhakal/Ecom'\n" +
    '  Parsed request is a module\n' +
    '  No description file found in /Users/briandhakal/Ecom or above\n' +
    '  resolve as module\n' +
    '    looking for modules in /Users/briandhakal/Ecom/node_modules\n' +
    '      single file module\n' +
    '        No description file found in /Users/briandhakal/Ecom/node_modules or above\n' +
    '        no extension\n' +
    "          /Users/briandhakal/Ecom/node_modules/tailwindcss doesn't exist\n" +
    '        .css\n' +
    "          /Users/briandhakal/Ecom/node_modules/tailwindcss.css doesn't exist\n" +
    "      /Users/briandhakal/Ecom/node_modules/tailwindcss doesn't exist\n" +
    "    /Users/briandhakal/node_modules doesn't exist or is not a directory\n" +
    "    /Users/node_modules doesn't exist or is not a directory\n" +
    "    /node_modules doesn't exist or is not a directory"
}
Error: Can't resolve 'tailwindcss' in '/Users/briandhakal/Ecom'
    [2m[at finishWithoutResolve (/Users/briandhakal/Ecom/frontend/node_modules/enhanced-resolve/lib/Resolver.js:909:18)][0m
    [2m[at /Users/briandhakal/Ecom/frontend/node_modules/enhanced-resolve/lib/Resolver.js:1001:14][0m
    [2m[at /Users/briandhakal/Ecom/frontend/node_modules/enhanced-resolve/lib/Resolver.js:1080:5][0m
    [2m[at eval (eval at create (/Users/briandhakal/Ecom/frontend/node_modules/tapable/lib/HookCodeFactory.js:31:10), <anonymous>:15:1)][0m
    [2m[at /Users/briandhakal/Ecom/frontend/node_modules/enhanced-resolve/lib/Resolver.js:1080:5][0m
    [2m[at eval (eval at create (/Users/briandhakal/Ecom/frontend/node_modules/tapable/lib/HookCodeFactory.js:31:10), <anonymous>:16:1)][0m
    [2m[at /Users/briandhakal/Ecom/frontend/node_modules/enhanced-resolve/lib/Resolver.js:1080:5][0m
    [2m[at eval (eval at create (/Users/briandhakal/Ecom/frontend/node_modules/tapable/lib/HookCodeFactory.js:31:10), <anonymous>:15:1)][0m
    [2m[at /Users/briandhakal/Ecom/frontend/node_modules/enhanced-resolve/lib/Resolver.js:1080:5][0m
    [2m[at eval (eval at create (/Users/briandhakal/Ecom/frontend/node_modules/tapable/lib/HookCodeFactory.js:31:10), <anonymous>:15:1)][0m {
  details: "resolve 'tailwindcss' in '/Users/briandhakal/Ecom'\n" +
    '  Parsed request is a module\n' +
    '  No description file found in /Users/briandhakal/Ecom or above\n' +
    '  resolve as module\n' +
    '    looking for modules in /Users/briandhakal/Ecom/node_modules\n' +
    '      single file module\n' +
    '        No description file found in /Users/briandhakal/Ecom/node_modules or above\n' +
    '        no extension\n' +
    "          /Users/briandhakal/Ecom/node_modules/tailwindcss doesn't exist\n" +
    '        .css\n' +
    "          /Users/briandhakal/Ecom/node_modules/tailwindcss.css doesn't exist\n" +
    "      /Users/briandhakal/Ecom/node_modules/tailwindcss doesn't exist\n" +
    "    /Users/briandhakal/node_modules doesn't exist or is not a directory\n" +
    "    /Users/node_modules doesn't exist or is not a directory\n" +
    "    /node_modules doesn't exist or is not a directory"
}
Error: Can't resolve 'tailwindcss' in '/Users/briandhakal/Ecom'
    [2m[at finishWithoutResolve (/Users/briandhakal/Ecom/frontend/node_modules/enhanced-resolve/lib/Resolver.js:909:18)][0m
    [2m[at /Users/briandhakal/Ecom/frontend/node_modules/enhanced-resolve/lib/Resolver.js:1001:14][0m
    [2m[at /Users/briandhakal/Ecom/frontend/node_modules/enhanced-resolve/lib/Resolver.js:1080:5][0m
    [2m[at eval (eval at create (/Users/briandhakal/Ecom/frontend/node_modules/tapable/lib/HookCodeFactory.js:31:10), <anonymous>:15:1)][0m
    [2m[at /Users/briandhakal/Ecom/frontend/node_modules/enhanced-resolve/lib/Resolver.js:1080:5][0m
    [2m[at eval (eval at create (/Users/briandhakal/Ecom/frontend/node_modules/tapable/lib/HookCodeFactory.js:31:10), <anonymous>:16:1)][0m
    [2m[at /Users/briandhakal/Ecom/frontend/node_modules/enhanced-resolve/lib/Resolver.js:1080:5][0m
    [2m[at eval (eval at create (/Users/briandhakal/Ecom/frontend/node_modules/tapable/lib/HookCodeFactory.js:31:10), <anonymous>:15:1)][0m
    [2m[at /Users/briandhakal/Ecom/frontend/node_modules/enhanced-resolve/lib/Resolver.js:1080:5][0m
    [2m[at eval (eval at create (/Users/briandhakal/Ecom/frontend/node_modules/tapable/lib/HookCodeFactory.js:31:10), <anonymous>:15:1)][0m {
  details: "resolve 'tailwindcss' in '/Users/briandhakal/Ecom'\n" +
    '  Parsed request is a module\n' +
    '  No description file found in /Users/briandhakal/Ecom or above\n' +
    '  resolve as module\n' +
    '    looking for modules in /Users/briandhakal/Ecom/node_modules\n' +
    '      single file module\n' +
    '        No description file found in /Users/briandhakal/Ecom/node_modules or above\n' +
    '        no extension\n' +
    "          /Users/briandhakal/Ecom/node_modules/tailwindcss doesn't exist\n" +
    '        .css\n' +
    "          /Users/briandhakal/Ecom/node_modules/tailwindcss.css doesn't exist\n" +
    "      /Users/briandhakal/Ecom/node_modules/tailwindcss doesn't exist\n" +
    "    /Users/briandhakal/node_modules doesn't exist or is not a directory\n" +
    "    /Users/node_modules doesn't exist or is not a directory\n" +
    "    /node_modules doesn't exist or is not a directory"
}
Error: Can't resolve 'tailwindcss' in '/Users/briandhakal/Ecom'
    [2m[at finishWithoutResolve (/Users/briandhakal/Ecom/frontend/node_modules/enhanced-resolve/lib/Resolver.js:909:18)][0m
    [2m[at /Users/briandhakal/Ecom/frontend/node_modules/enhanced-resolve/lib/Resolver.js:1001:14][0m
    [2m[at /Users/briandhakal/Ecom/frontend/node_modules/enhanced-resolve/lib/Resolver.js:1080:5][0m
    [2m[at eval (eval at create (/Users/briandhakal/Ecom/frontend/node_modules/tapable/lib/HookCodeFactory.js:31:10), <anonymous>:15:1)][0m
    [2m[at /Users/briandhakal/Ecom/frontend/node_modules/enhanced-resolve/lib/Resolver.js:1080:5][0m
    [2m[at eval (eval at create (/Users/briandhakal/Ecom/frontend/node_modules/tapable/lib/HookCodeFactory.js:31:10), <anonymous>:16:1)][0m
    [2m[at /Users/briandhakal/Ecom/frontend/node_modules/enhanced-resolve/lib/Resolver.js:1080:5][0m
    [2m[at eval (eval at create (/Users/briandhakal/Ecom/frontend/node_modules/tapable/lib/HookCodeFactory.js:31:10), <anonymous>:15:1)][0m
    [2m[at /Users/briandhakal/Ecom/frontend/node_modules/enhanced-resolve/lib/Resolver.js:1080:5][0m
    [2m[at eval (eval at create (/Users/briandhakal/Ecom/frontend/node_modules/tapable/lib/HookCodeFactory.js:31:10), <anonymous>:15:1)][0m {
  details: "resolve 'tailwindcss' in '/Users/briandhakal/Ecom'\n" +
    '  Parsed request is a module\n' +
    '  No description file found in /Users/briandhakal/Ecom or above\n' +
    '  resolve as module\n' +
    '    looking for modules in /Users/briandhakal/Ecom/node_modules\n' +
    '      single file module\n' +
    '        No description file found in /Users/briandhakal/Ecom/node_modules or above\n' +
    '        no extension\n' +
    "          /Users/briandhakal/Ecom/node_modules/tailwindcss doesn't exist\n" +
    '        .css\n' +
    "          /Users/briandhakal/Ecom/node_modules/tailwindcss.css doesn't exist\n" +
    "      /Users/briandhakal/Ecom/node_modules/tailwindcss doesn't exist\n" +
    "    /Users/briandhakal/node_modules doesn't exist or is not a directory\n" +
    "    /Users/node_modules doesn't exist or is not a directory\n" +
    "    /node_modules doesn't exist or is not a directory"
}
Error: Can't resolve 'tailwindcss' in '/Users/briandhakal/Ecom'
    [2m[at finishWithoutResolve (/Users/briandhakal/Ecom/frontend/node_modules/enhanced-resolve/lib/Resolver.js:909:18)][0m
    [2m[at /Users/briandhakal/Ecom/frontend/node_modules/enhanced-resolve/lib/Resolver.js:1001:14][0m
    [2m[at /Users/briandhakal/Ecom/frontend/node_modules/enhanced-resolve/lib/Resolver.js:1080:5][0m
    [2m[at eval (eval at create (/Users/briandhakal/Ecom/frontend/node_modules/tapable/lib/HookCodeFactory.js:31:10), <anonymous>:15:1)][0m
    [2m[at /Users/briandhakal/Ecom/frontend/node_modules/enhanced-resolve/lib/Resolver.js:1080:5][0m
    [2m[at eval (eval at create (/Users/briandhakal/Ecom/frontend/node_modules/tapable/lib/HookCodeFactory.js:31:10), <anonymous>:16:1)][0m
    [2m[at /Users/briandhakal/Ecom/frontend/node_modules/enhanced-resolve/lib/Resolver.js:1080:5][0m
    [2m[at eval (eval at create (/Users/briandhakal/Ecom/frontend/node_modules/tapable/lib/HookCodeFactory.js:31:10), <anonymous>:15:1)][0m
    [2m[at /Users/briandhakal/Ecom/frontend/node_modules/enhanced-resolve/lib/Resolver.js:1080:5][0m
    [2m[at eval (eval at create (/Users/briandhakal/Ecom/frontend/node_modules/tapable/lib/HookCodeFactory.js:31:10), <anonymous>:15:1)][0m {
  details: "resolve 'tailwindcss' in '/Users/briandhakal/Ecom'\n" +
    '  Parsed request is a module\n' +
    '  No description file found in /Users/briandhakal/Ecom or above\n' +
    '  resolve as module\n' +
    '    looking for modules in /Users/briandhakal/Ecom/node_modules\n' +
    '      single file module\n' +
    '        No description file found in /Users/briandhakal/Ecom/node_modules or above\n' +
    '        no extension\n' +
    "          /Users/briandhakal/Ecom/node_modules/tailwindcss doesn't exist\n" +
    '        .css\n' +
    "          /Users/briandhakal/Ecom/node_modules/tailwindcss.css doesn't exist\n" +
    "      /Users/briandhakal/Ecom/node_modules/tailwindcss doesn't exist\n" +
    "    /Users/briandhakal/node_modules doesn't exist or is not a directory\n" +
    "    /Users/node_modules doesn't exist or is not a directory\n" +
    "    /node_modules doesn't exist or is not a directory"
}
Error: Can't resolve 'tailwindcss' in '/Users/briandhakal/Ecom'
    [2m[at finishWithoutResolve (/Users/briandhakal/Ecom/frontend/node_modules/enhanced-resolve/lib/Resolver.js:909:18)][0m
    [2m[at /Users/briandhakal/Ecom/frontend/node_modules/enhanced-resolve/lib/Resolver.js:1001:14][0m
    [2m[at /Users/briandhakal/Ecom/frontend/node_modules/enhanced-resolve/lib/Resolver.js:1080:5][0m
    [2m[at eval (eval at create (/Users/briandhakal/Ecom/frontend/node_modules/tapable/lib/HookCodeFactory.js:31:10), <anonymous>:15:1)][0m
    [2m[at /Users/briandhakal/Ecom/frontend/node_modules/enhanced-resolve/lib/Resolver.js:1080:5][0m
    [2m[at eval (eval at create (/Users/briandhakal/Ecom/frontend/node_modules/tapable/lib/HookCodeFactory.js:31:10), <anonymous>:16:1)][0m
    [2m[at /Users/briandhakal/Ecom/frontend/node_modules/enhanced-resolve/lib/Resolver.js:1080:5][0m
    [2m[at eval (eval at create (/Users/briandhakal/Ecom/frontend/node_modules/tapable/lib/HookCodeFactory.js:31:10), <anonymous>:15:1)][0m
    [2m[at /Users/briandhakal/Ecom/frontend/node_modules/enhanced-resolve/lib/Resolver.js:1080:5][0m
    [2m[at eval (eval at create (/Users/briandhakal/Ecom/frontend/node_modules/tapable/lib/HookCodeFactory.js:31:10), <anonymous>:15:1)][0m {
  details: "resolve 'tailwindcss' in '/Users/briandhakal/Ecom'\n" +
    '  Parsed request is a module\n' +
    '  No description file found in /Users/briandhakal/Ecom or above\n' +
    '  resolve as module\n' +
    '    looking for modules in /Users/briandhakal/Ecom/node_modules\n' +
    '      single file module\n' +
    '        No description file found in /Users/briandhakal/Ecom/node_modules or above\n' +
    '        no extension\n' +
    "          /Users/briandhakal/Ecom/node_modules/tailwindcss doesn't exist\n" +
    '        .css\n' +
    "          /Users/briandhakal/Ecom/node_modules/tailwindcss.css doesn't exist\n" +
    "      /Users/briandhakal/Ecom/node_modules/tailwindcss doesn't exist\n" +
    "    /Users/briandhakal/node_modules doesn't exist or is not a directory\n" +
    "    /Users/node_modules doesn't exist or is not a directory\n" +
    "    /node_modules doesn't exist or is not a directory"
}
Error: Can't resolve 'tailwindcss' in '/Users/briandhakal/Ecom'
    [2m[at finishWithoutResolve (/Users/briandhakal/Ecom/frontend/node_modules/enhanced-resolve/lib/Resolver.js:909:18)][0m
    [2m[at /Users/briandhakal/Ecom/frontend/node_modules/enhanced-resolve/lib/Resolver.js:1001:14][0m
    [2m[at /Users/briandhakal/Ecom/frontend/node_modules/enhanced-resolve/lib/Resolver.js:1080:5][0m
    [2m[at eval (eval at create (/Users/briandhakal/Ecom/frontend/node_modules/tapable/lib/HookCodeFactory.js:31:10), <anonymous>:15:1)][0m
    [2m[at /Users/briandhakal/Ecom/frontend/node_modules/enhanced-resolve/lib/Resolver.js:1080:5][0m
    [2m[at eval (eval at create (/Users/briandhakal/Ecom/frontend/node_modules/tapable/lib/HookCodeFactory.js:31:10), <anonymous>:16:1)][0m
    [2m[at /Users/briandhakal/Ecom/frontend/node_modules/enhanced-resolve/lib/Resolver.js:1080:5][0m
    [2m[at eval (eval at create (/Users/briandhakal/Ecom/frontend/node_modules/tapable/lib/HookCodeFactory.js:31:10), <anonymous>:15:1)][0m
    [2m[at /Users/briandhakal/Ecom/frontend/node_modules/enhanced-resolve/lib/Resolver.js:1080:5][0m
    [2m[at eval (eval at create (/Users/briandhakal/Ecom/frontend/node_modules/tapable/lib/HookCodeFactory.js:31:10), <anonymous>:15:1)][0m {
  details: "resolve 'tailwindcss' in '/Users/briandhakal/Ecom'\n" +
    '  Parsed request is a module\n' +
    '  No description file found in /Users/briandhakal/Ecom or above\n' +
    '  resolve as module\n' +
    '    looking for modules in /Users/briandhakal/Ecom/node_modules\n' +
    '      single file module\n' +
    '        No description file found in /Users/briandhakal/Ecom/node_modules or above\n' +
    '        no extension\n' +
    "          /Users/briandhakal/Ecom/node_modules/tailwindcss doesn't exist\n" +
    '        .css\n' +
    "          /Users/briandhakal/Ecom/node_modules/tailwindcss.css doesn't exist\n" +
    "      /Users/briandhakal/Ecom/node_modules/tailwindcss doesn't exist\n" +
    "    /Users/briandhakal/node_modules doesn't exist or is not a directory\n" +
    "    /Users/node_modules doesn't exist or is not a directory\n" +
    "    /node_modules doesn't exist or is not a directory"
}
Error: Can't resolve 'tailwindcss' in '/Users/briandhakal/Ecom'
    [2m[at finishWithoutResolve (/Users/briandhakal/Ecom/frontend/node_modules/enhanced-resolve/lib/Resolver.js:909:18)][0m
    [2m[at /Users/briandhakal/Ecom/frontend/node_modules/enhanced-resolve/lib/Resolver.js:1001:14][0m
    [2m[at /Users/briandhakal/Ecom/frontend/node_modules/enhanced-resolve/lib/Resolver.js:1080:5][0m
    [2m[at eval (eval at create (/Users/briandhakal/Ecom/frontend/node_modules/tapable/lib/HookCodeFactory.js:31:10), <anonymous>:15:1)][0m
    [2m[at /Users/briandhakal/Ecom/frontend/node_modules/enhanced-resolve/lib/Resolver.js:1080:5][0m
    [2m[at eval (eval at create (/Users/briandhakal/Ecom/frontend/node_modules/tapable/lib/HookCodeFactory.js:31:10), <anonymous>:16:1)][0m
    [2m[at /Users/briandhakal/Ecom/frontend/node_modules/enhanced-resolve/lib/Resolver.js:1080:5][0m
    [2m[at eval (eval at create (/Users/briandhakal/Ecom/frontend/node_modules/tapable/lib/HookCodeFactory.js:31:10), <anonymous>:15:1)][0m
    [2m[at /Users/briandhakal/Ecom/frontend/node_modules/enhanced-resolve/lib/Resolver.js:1080:5][0m
    [2m[at eval (eval at create (/Users/briandhakal/Ecom/frontend/node_modules/tapable/lib/HookCodeFactory.js:31:10), <anonymous>:15:1)][0m {
  details: "resolve 'tailwindcss' in '/Users/briandhakal/Ecom'\n" +
    '  Parsed request is a module\n' +
    '  No description file found in /Users/briandhakal/Ecom or above\n' +
    '  resolve as module\n' +
    '    looking for modules in /Users/briandhakal/Ecom/node_modules\n' +
    '      single file module\n' +
    '        No description file found in /Users/briandhakal/Ecom/node_modules or above\n' +
    '        no extension\n' +
    "          /Users/briandhakal/Ecom/node_modules/tailwindcss doesn't exist\n" +
    '        .css\n' +
    "          /Users/briandhakal/Ecom/node_modules/tailwindcss.css doesn't exist\n" +
    "      /Users/briandhakal/Ecom/node_modules/tailwindcss doesn't exist\n" +
    "    /Users/briandhakal/node_modules doesn't exist or is not a directory\n" +
    "    /Users/node_modules doesn't exist or is not a directory\n" +
    "    /node_modules doesn't exist or is not a directory"
}
Error: Can't resolve 'tailwindcss' in '/Users/briandhakal/Ecom'
    [2m[at finishWithoutResolve (/Users/briandhakal/Ecom/frontend/node_modules/enhanced-resolve/lib/Resolver.js:909:18)][0m
    [2m[at /Users/briandhakal/Ecom/frontend/node_modules/enhanced-resolve/lib/Resolver.js:1001:14][0m
    [2m[at /Users/briandhakal/Ecom/frontend/node_modules/enhanced-resolve/lib/Resolver.js:1080:5][0m
    [2m[at eval (eval at create (/Users/briandhakal/Ecom/frontend/node_modules/tapable/lib/HookCodeFactory.js:31:10), <anonymous>:15:1)][0m
    [2m[at /Users/briandhakal/Ecom/frontend/node_modules/enhanced-resolve/lib/Resolver.js:1080:5][0m
    [2m[at eval (eval at create (/Users/briandhakal/Ecom/frontend/node_modules/tapable/lib/HookCodeFactory.js:31:10), <anonymous>:16:1)][0m
    [2m[at /Users/briandhakal/Ecom/frontend/node_modules/enhanced-resolve/lib/Resolver.js:1080:5][0m
    [2m[at eval (eval at create (/Users/briandhakal/Ecom/frontend/node_modules/tapable/lib/HookCodeFactory.js:31:10), <anonymous>:15:1)][0m
    [2m[at /Users/briandhakal/Ecom/frontend/node_modules/enhanced-resolve/lib/Resolver.js:1080:5][0m
    [2m[at eval (eval at create (/Users/briandhakal/Ecom/frontend/node_modules/tapable/lib/HookCodeFactory.js:31:10), <anonymous>:15:1)][0m {
  details: "resolve 'tailwindcss' in '/Users/briandhakal/Ecom'\n" +
    '  Parsed request is a module\n' +
    '  No description file found in /Users/briandhakal/Ecom or above\n' +
    '  resolve as module\n' +
    '    looking for modules in /Users/briandhakal/Ecom/node_modules\n' +
    '      single file module\n' +
    '        No description file found in /Users/briandhakal/Ecom/node_modules or above\n' +
    '        no extension\n' +
    "          /Users/briandhakal/Ecom/node_modules/tailwindcss doesn't exist\n" +
    '        .css\n' +
    "          /Users/briandhakal/Ecom/node_modules/tailwindcss.css doesn't exist\n" +
    "      /Users/briandhakal/Ecom/node_modules/tailwindcss doesn't exist\n" +
    "    /Users/briandhakal/node_modules doesn't exist or is not a directory\n" +
    "    /Users/node_modules doesn't exist or is not a directory\n" +
    "    /node_modules doesn't exist or is not a directory"
}
Error: Can't resolve 'tailwindcss' in '/Users/briandhakal/Ecom'
    [2m[at finishWithoutResolve (/Users/briandhakal/Ecom/frontend/node_modules/enhanced-resolve/lib/Resolver.js:909:18)][0m
    [2m[at /Users/briandhakal/Ecom/frontend/node_modules/enhanced-resolve/lib/Resolver.js:1001:14][0m
    [2m[at /Users/briandhakal/Ecom/frontend/node_modules/enhanced-resolve/lib/Resolver.js:1080:5][0m
    [2m[at eval (eval at create (/Users/briandhakal/Ecom/frontend/node_modules/tapable/lib/HookCodeFactory.js:31:10), <anonymous>:15:1)][0m
    [2m[at /Users/briandhakal/Ecom/frontend/node_modules/enhanced-resolve/lib/Resolver.js:1080:5][0m
    [2m[at eval (eval at create (/Users/briandhakal/Ecom/frontend/node_modules/tapable/lib/HookCodeFactory.js:31:10), <anonymous>:16:1)][0m
    [2m[at /Users/briandhakal/Ecom/frontend/node_modules/enhanced-resolve/lib/Resolver.js:1080:5][0m
    [2m[at eval (eval at create (/Users/briandhakal/Ecom/frontend/node_modules/tapable/lib/HookCodeFactory.js:31:10), <anonymous>:15:1)][0m
    [2m[at /Users/briandhakal/Ecom/frontend/node_modules/enhanced-resolve/lib/Resolver.js:1080:5][0m
    [2m[at eval (eval at create (/Users/briandhakal/Ecom/frontend/node_modules/tapable/lib/HookCodeFactory.js:31:10), <anonymous>:15:1)][0m {
  details: "resolve 'tailwindcss' in '/Users/briandhakal/Ecom'\n" +
    '  Parsed request is a module\n' +
    '  No description file found in /Users/briandhakal/Ecom or above\n' +
    '  resolve as module\n' +
    '    looking for modules in /Users/briandhakal/Ecom/node_modules\n' +
    '      single file module\n' +
    '        No description file found in /Users/briandhakal/Ecom/node_modules or above\n' +
    '        no extension\n' +
    "          /Users/briandhakal/Ecom/node_modules/tailwindcss doesn't exist\n" +
    '        .css\n' +
    "          /Users/briandhakal/Ecom/node_modules/tailwindcss.css doesn't exist\n" +
    "      /Users/briandhakal/Ecom/node_modules/tailwindcss doesn't exist\n" +
    "    /Users/briandhakal/node_modules doesn't exist or is not a directory\n" +
    "    /Users/node_modules doesn't exist or is not a directory\n" +
    "    /node_modules doesn't exist or is not a directory"
}
Error: Can't resolve 'tailwindcss' in '/Users/briandhakal/Ecom'
    [2m[at finishWithoutResolve (/Users/briandhakal/Ecom/frontend/node_modules/enhanced-resolve/lib/Resolver.js:909:18)][0m
    [2m[at /Users/briandhakal/Ecom/frontend/node_modules/enhanced-resolve/lib/Resolver.js:1001:14][0m
    [2m[at /Users/briandhakal/Ecom/frontend/node_modules/enhanced-resolve/lib/Resolver.js:1080:5][0m
    [2m[at eval (eval at create (/Users/briandhakal/Ecom/frontend/node_modules/tapable/lib/HookCodeFactory.js:31:10), <anonymous>:15:1)][0m
    [2m[at /Users/briandhakal/Ecom/frontend/node_modules/enhanced-resolve/lib/Resolver.js:1080:5][0m
    [2m[at eval (eval at create (/Users/briandhakal/Ecom/frontend/node_modules/tapable/lib/HookCodeFactory.js:31:10), <anonymous>:16:1)][0m
    [2m[at /Users/briandhakal/Ecom/frontend/node_modules/enhanced-resolve/lib/Resolver.js:1080:5][0m
    [2m[at eval (eval at create (/Users/briandhakal/Ecom/frontend/node_modules/tapable/lib/HookCodeFactory.js:31:10), <anonymous>:15:1)][0m
    [2m[at /Users/briandhakal/Ecom/frontend/node_modules/enhanced-resolve/lib/Resolver.js:1080:5][0m
    [2m[at eval (eval at create (/Users/briandhakal/Ecom/frontend/node_modules/tapable/lib/HookCodeFactory.js:31:10), <anonymous>:15:1)][0m {
  details: "resolve 'tailwindcss' in '/Users/briandhakal/Ecom'\n" +
    '  Parsed request is a module\n' +
    '  No description file found in /Users/briandhakal/Ecom or above\n' +
    '  resolve as module\n' +
    '    looking for modules in /Users/briandhakal/Ecom/node_modules\n' +
    '      single file module\n' +
    '        No description file found in /Users/briandhakal/Ecom/node_modules or above\n' +
    '        no extension\n' +
    "          /Users/briandhakal/Ecom/node_modules/tailwindcss doesn't exist\n" +
    '        .css\n' +
    "          /Users/briandhakal/Ecom/node_modules/tailwindcss.css doesn't exist\n" +
    "      /Users/briandhakal/Ecom/node_modules/tailwindcss doesn't exist\n" +
    "    /Users/briandhakal/node_modules doesn't exist or is not a directory\n" +
    "    /Users/node_modules doesn't exist or is not a directory\n" +
    "    /node_modules doesn't exist or is not a directory"
}
Error: Can't resolve 'tailwindcss' in '/Users/briandhakal/Ecom'
    [2m[at finishWithoutResolve (/Users/briandhakal/Ecom/frontend/node_modules/enhanced-resolve/lib/Resolver.js:909:18)][0m
    [2m[at /Users/briandhakal/Ecom/frontend/node_modules/enhanced-resolve/lib/Resolver.js:1001:14][0m
    [2m[at /Users/briandhakal/Ecom/frontend/node_modules/enhanced-resolve/lib/Resolver.js:1080:5][0m
    [2m[at eval (eval at create (/Users/briandhakal/Ecom/frontend/node_modules/tapable/lib/HookCodeFactory.js:31:10), <anonymous>:15:1)][0m
    [2m[at /Users/briandhakal/Ecom/frontend/node_modules/enhanced-resolve/lib/Resolver.js:1080:5][0m
    [2m[at eval (eval at create (/Users/briandhakal/Ecom/frontend/node_modules/tapable/lib/HookCodeFactory.js:31:10), <anonymous>:16:1)][0m
    [2m[at /Users/briandhakal/Ecom/frontend/node_modules/enhanced-resolve/lib/Resolver.js:1080:5][0m
    [2m[at eval (eval at create (/Users/briandhakal/Ecom/frontend/node_modules/tapable/lib/HookCodeFactory.js:31:10), <anonymous>:15:1)][0m
    [2m[at /Users/briandhakal/Ecom/frontend/node_modules/enhanced-resolve/lib/Resolver.js:1080:5][0m
    [2m[at eval (eval at create (/Users/briandhakal/Ecom/frontend/node_modules/tapable/lib/HookCodeFactory.js:31:10), <anonymous>:15:1)][0m {
  details: "resolve 'tailwindcss' in '/Users/briandhakal/Ecom'\n" +
    '  Parsed request is a module\n' +
    '  No description file found in /Users/briandhakal/Ecom or above\n' +
    '  resolve as module\n' +
    '    looking for modules in /Users/briandhakal/Ecom/node_modules\n' +
    '      single file module\n' +
    '        No description file found in /Users/briandhakal/Ecom/node_modules or above\n' +
    '        no extension\n' +
    "          /Users/briandhakal/Ecom/node_modules/tailwindcss doesn't exist\n" +
    '        .css\n' +
    "          /Users/briandhakal/Ecom/node_modules/tailwindcss.css doesn't exist\n" +
    "      /Users/briandhakal/Ecom/node_modules/tailwindcss doesn't exist\n" +
    "    /Users/briandhakal/node_modules doesn't exist or is not a directory\n" +
    "    /Users/node_modules doesn't exist or is not a directory\n" +
    "    /node_modules doesn't exist or is not a directory"
}
Error: Can't resolve 'tailwindcss' in '/Users/briandhakal/Ecom'
    [2m[at finishWithoutResolve (/Users/briandhakal/Ecom/frontend/node_modules/enhanced-resolve/lib/Resolver.js:909:18)][0m
    [2m[at /Users/briandhakal/Ecom/frontend/node_modules/enhanced-resolve/lib/Resolver.js:1001:14][0m
    [2m[at /Users/briandhakal/Ecom/frontend/node_modules/enhanced-resolve/lib/Resolver.js:1080:5][0m
    [2m[at eval (eval at create (/Users/briandhakal/Ecom/frontend/node_modules/tapable/lib/HookCodeFactory.js:31:10), <anonymous>:15:1)][0m
    [2m[at /Users/briandhakal/Ecom/frontend/node_modules/enhanced-resolve/lib/Resolver.js:1080:5][0m
    [2m[at eval (eval at create (/Users/briandhakal/Ecom/frontend/node_modules/tapable/lib/HookCodeFactory.js:31:10), <anonymous>:16:1)][0m
    [2m[at /Users/briandhakal/Ecom/frontend/node_modules/enhanced-resolve/lib/Resolver.js:1080:5][0m
    [2m[at eval (eval at create (/Users/briandhakal/Ecom/frontend/node_modules/tapable/lib/HookCodeFactory.js:31:10), <anonymous>:15:1)][0m
    [2m[at /Users/briandhakal/Ecom/frontend/node_modules/enhanced-resolve/lib/Resolver.js:1080:5][0m
    [2m[at eval (eval at create (/Users/briandhakal/Ecom/frontend/node_modules/tapable/lib/HookCodeFactory.js:31:10), <anonymous>:15:1)][0m {
  details: "resolve 'tailwindcss' in '/Users/briandhakal/Ecom'\n" +
    '  Parsed request is a module\n' +
    '  No description file found in /Users/briandhakal/Ecom or above\n' +
    '  resolve as module\n' +
    '    looking for modules in /Users/briandhakal/Ecom/node_modules\n' +
    '      single file module\n' +
    '        No description file found in /Users/briandhakal/Ecom/node_modules or above\n' +
    '        no extension\n' +
    "          /Users/briandhakal/Ecom/node_modules/tailwindcss doesn't exist\n" +
    '        .css\n' +
    "          /Users/briandhakal/Ecom/node_modules/tailwindcss.css doesn't exist\n" +
    "      /Users/briandhakal/Ecom/node_modules/tailwindcss doesn't exist\n" +
    "    /Users/briandhakal/node_modules doesn't exist or is not a directory\n" +
    "    /Users/node_modules doesn't exist or is not a directory\n" +
    "    /node_modules doesn't exist or is not a directory"
}
Error: Can't resolve 'tailwindcss' in '/Users/briandhakal/Ecom'
    [2m[at finishWithoutResolve (/Users/briandhakal/Ecom/frontend/node_modules/enhanced-resolve/lib/Resolver.js:909:18)][0m
    [2m[at /Users/briandhakal/Ecom/frontend/node_modules/enhanced-resolve/lib/Resolver.js:1001:14][0m
    [2m[at /Users/briandhakal/Ecom/frontend/node_modules/enhanced-resolve/lib/Resolver.js:1080:5][0m
    [2m[at eval (eval at create (/Users/briandhakal/Ecom/frontend/node_modules/tapable/lib/HookCodeFactory.js:31:10), <anonymous>:15:1)][0m
    [2m[at /Users/briandhakal/Ecom/frontend/node_modules/enhanced-resolve/lib/Resolver.js:1080:5][0m
    [2m[at eval (eval at create (/Users/briandhakal/Ecom/frontend/node_modules/tapable/lib/HookCodeFactory.js:31:10), <anonymous>:16:1)][0m
    [2m[at /Users/briandhakal/Ecom/frontend/node_modules/enhanced-resolve/lib/Resolver.js:1080:5][0m
    [2m[at eval (eval at create (/Users/briandhakal/Ecom/frontend/node_modules/tapable/lib/HookCodeFactory.js:31:10), <anonymous>:15:1)][0m
    [2m[at /Users/briandhakal/Ecom/frontend/node_modules/enhanced-resolve/lib/Resolver.js:1080:5][0m
    [2m[at eval (eval at create (/Users/briandhakal/Ecom/frontend/node_modules/tapable/lib/HookCodeFactory.js:31:10), <anonymous>:15:1)][0m {
  details: "resolve 'tailwindcss' in '/Users/briandhakal/Ecom'\n" +
    '  Parsed request is a module\n' +
    '  No description file found in /Users/briandhakal/Ecom or above\n' +
    '  resolve as module\n' +
    '    looking for modules in /Users/briandhakal/Ecom/node_modules\n' +
    '      single file module\n' +
    '        No description file found in /Users/briandhakal/Ecom/node_modules or above\n' +
    '        no extension\n' +
    "          /Users/briandhakal/Ecom/node_modules/tailwindcss doesn't exist\n" +
    '        .css\n' +
    "          /Users/briandhakal/Ecom/node_modules/tailwindcss.css doesn't exist\n" +
    "      /Users/briandhakal/Ecom/node_modules/tailwindcss doesn't exist\n" +
    "    /Users/briandhakal/node_modules doesn't exist or is not a directory\n" +
    "    /Users/node_modules doesn't exist or is not a directory\n" +
    "    /node_modules doesn't exist or is not a directory"
}
Error: Can't resolve 'tailwindcss' in '/Users/briandhakal/Ecom'
    [2m[at finishWithoutResolve (/Users/briandhakal/Ecom/frontend/node_modules/enhanced-resolve/lib/Resolver.js:909:18)][0m
    [2m[at /Users/briandhakal/Ecom/frontend/node_modules/enhanced-resolve/lib/Resolver.js:1001:14][0m
    [2m[at /Users/briandhakal/Ecom/frontend/node_modules/enhanced-resolve/lib/Resolver.js:1080:5][0m
    [2m[at eval (eval at create (/Users/briandhakal/Ecom/frontend/node_modules/tapable/lib/HookCodeFactory.js:31:10), <anonymous>:15:1)][0m
    [2m[at /Users/briandhakal/Ecom/frontend/node_modules/enhanced-resolve/lib/Resolver.js:1080:5][0m
    [2m[at eval (eval at create (/Users/briandhakal/Ecom/frontend/node_modules/tapable/lib/HookCodeFactory.js:31:10), <anonymous>:16:1)][0m
    [2m[at /Users/briandhakal/Ecom/frontend/node_modules/enhanced-resolve/lib/Resolver.js:1080:5][0m
    [2m[at eval (eval at create (/Users/briandhakal/Ecom/frontend/node_modules/tapable/lib/HookCodeFactory.js:31:10), <anonymous>:15:1)][0m
    [2m[at /Users/briandhakal/Ecom/frontend/node_modules/enhanced-resolve/lib/Resolver.js:1080:5][0m
    [2m[at eval (eval at create (/Users/briandhakal/Ecom/frontend/node_modules/tapable/lib/HookCodeFactory.js:31:10), <anonymous>:15:1)][0m {
  details: "resolve 'tailwindcss' in '/Users/briandhakal/Ecom'\n" +
    '  Parsed request is a module\n' +
    '  No description file found in /Users/briandhakal/Ecom or above\n' +
    '  resolve as module\n' +
    '    looking for modules in /Users/briandhakal/Ecom/node_modules\n' +
    '      single file module\n' +
    '        No description file found in /Users/briandhakal/Ecom/node_modules or above\n' +
    '        no extension\n' +
    "          /Users/briandhakal/Ecom/node_modules/tailwindcss doesn't exist\n" +
    '        .css\n' +
    "          /Users/briandhakal/Ecom/node_modules/tailwindcss.css doesn't exist\n" +
    "      /Users/briandhakal/Ecom/node_modules/tailwindcss doesn't exist\n" +
    "    /Users/briandhakal/node_modules doesn't exist or is not a directory\n" +
    "    /Users/node_modules doesn't exist or is not a directory\n" +
    "    /node_modules doesn't exist or is not a directory"
}
Error: Can't resolve 'tailwindcss' in '/Users/briandhakal/Ecom'
    [2m[at finishWithoutResolve (/Users/briandhakal/Ecom/frontend/node_modules/enhanced-resolve/lib/Resolver.js:909:18)][0m
    [2m[at /Users/briandhakal/Ecom/frontend/node_modules/enhanced-resolve/lib/Resolver.js:1001:14][0m
    [2m[at /Users/briandhakal/Ecom/frontend/node_modules/enhanced-resolve/lib/Resolver.js:1080:5][0m
    [2m[at eval (eval at create (/Users/briandhakal/Ecom/frontend/node_modules/tapable/lib/HookCodeFactory.js:31:10), <anonymous>:15:1)][0m
    [2m[at /Users/briandhakal/Ecom/frontend/node_modules/enhanced-resolve/lib/Resolver.js:1080:5][0m
    [2m[at eval (eval at create (/Users/briandhakal/Ecom/frontend/node_modules/tapable/lib/HookCodeFactory.js:31:10), <anonymous>:16:1)][0m
    [2m[at /Users/briandhakal/Ecom/frontend/node_modules/enhanced-resolve/lib/Resolver.js:1080:5][0m
    [2m[at eval (eval at create (/Users/briandhakal/Ecom/frontend/node_modules/tapable/lib/HookCodeFactory.js:31:10), <anonymous>:15:1)][0m
    [2m[at /Users/briandhakal/Ecom/frontend/node_modules/enhanced-resolve/lib/Resolver.js:1080:5][0m
    [2m[at eval (eval at create (/Users/briandhakal/Ecom/frontend/node_modules/tapable/lib/HookCodeFactory.js:31:10), <anonymous>:15:1)][0m {
  details: "resolve 'tailwindcss' in '/Users/briandhakal/Ecom'\n" +
    '  Parsed request is a module\n' +
    '  No description file found in /Users/briandhakal/Ecom or above\n' +
    '  resolve as module\n' +
    '    looking for modules in /Users/briandhakal/Ecom/node_modules\n' +
    '      single file module\n' +
    '        No description file found in /Users/briandhakal/Ecom/node_modules or above\n' +
    '        no extension\n' +
    "          /Users/briandhakal/Ecom/node_modules/tailwindcss doesn't exist\n" +
    '        .css\n' +
    "          /Users/briandhakal/Ecom/node_modules/tailwindcss.css doesn't exist\n" +
    "      /Users/briandhakal/Ecom/node_modules/tailwindcss doesn't exist\n" +
    "    /Users/briandhakal/node_modules doesn't exist or is not a directory\n" +
    "    /Users/node_modules doesn't exist or is not a directory\n" +
    "    /node_modules doesn't exist or is not a directory"
}
Error: Can't resolve 'tailwindcss' in '/Users/briandhakal/Ecom'
    [2m[at finishWithoutResolve (/Users/briandhakal/Ecom/frontend/node_modules/enhanced-resolve/lib/Resolver.js:909:18)][0m
    [2m[at /Users/briandhakal/Ecom/frontend/node_modules/enhanced-resolve/lib/Resolver.js:1001:14][0m
    [2m[at /Users/briandhakal/Ecom/frontend/node_modules/enhanced-resolve/lib/Resolver.js:1080:5][0m
    [2m[at eval (eval at create (/Users/briandhakal/Ecom/frontend/node_modules/tapable/lib/HookCodeFactory.js:31:10), <anonymous>:15:1)][0m
    [2m[at /Users/briandhakal/Ecom/frontend/node_modules/enhanced-resolve/lib/Resolver.js:1080:5][0m
    [2m[at eval (eval at create (/Users/briandhakal/Ecom/frontend/node_modules/tapable/lib/HookCodeFactory.js:31:10), <anonymous>:16:1)][0m
    [2m[at /Users/briandhakal/Ecom/frontend/node_modules/enhanced-resolve/lib/Resolver.js:1080:5][0m
    [2m[at eval (eval at create (/Users/briandhakal/Ecom/frontend/node_modules/tapable/lib/HookCodeFactory.js:31:10), <anonymous>:15:1)][0m
    [2m[at /Users/briandhakal/Ecom/frontend/node_modules/enhanced-resolve/lib/Resolver.js:1080:5][0m
    [2m[at eval (eval at create (/Users/briandhakal/Ecom/frontend/node_modules/tapable/lib/HookCodeFactory.js:31:10), <anonymous>:15:1)][0m {
  details: "resolve 'tailwindcss' in '/Users/briandhakal/Ecom'\n" +
    '  Parsed request is a module\n' +
    '  No description file found in /Users/briandhakal/Ecom or above\n' +
    '  resolve as module\n' +
    '    looking for modules in /Users/briandhakal/Ecom/node_modules\n' +
    '      single file module\n' +
    '        No description file found in /Users/briandhakal/Ecom/node_modules or above\n' +
    '        no extension\n' +
    "          /Users/briandhakal/Ecom/node_modules/tailwindcss doesn't exist\n" +
    '        .css\n' +
    "          /Users/briandhakal/Ecom/node_modules/tailwindcss.css doesn't exist\n" +
    "      /Users/briandhakal/Ecom/node_modules/tailwindcss doesn't exist\n" +
    "    /Users/briandhakal/node_modules doesn't exist or is not a directory\n" +
    "    /Users/node_modules doesn't exist or is not a directory\n" +
    "    /node_modules doesn't exist or is not a directory"
}
Error: Can't resolve 'tailwindcss' in '/Users/briandhakal/Ecom'
    [2m[at finishWithoutResolve (/Users/briandhakal/Ecom/frontend/node_modules/enhanced-resolve/lib/Resolver.js:909:18)][0m
    [2m[at /Users/briandhakal/Ecom/frontend/node_modules/enhanced-resolve/lib/Resolver.js:1001:14][0m
    [2m[at /Users/briandhakal/Ecom/frontend/node_modules/enhanced-resolve/lib/Resolver.js:1080:5][0m
    [2m[at eval (eval at create (/Users/briandhakal/Ecom/frontend/node_modules/tapable/lib/HookCodeFactory.js:31:10), <anonymous>:15:1)][0m
    [2m[at /Users/briandhakal/Ecom/frontend/node_modules/enhanced-resolve/lib/Resolver.js:1080:5][0m
    [2m[at eval (eval at create (/Users/briandhakal/Ecom/frontend/node_modules/tapable/lib/HookCodeFactory.js:31:10), <anonymous>:16:1)][0m
    [2m[at /Users/briandhakal/Ecom/frontend/node_modules/enhanced-resolve/lib/Resolver.js:1080:5][0m
    [2m[at eval (eval at create (/Users/briandhakal/Ecom/frontend/node_modules/tapable/lib/HookCodeFactory.js:31:10), <anonymous>:15:1)][0m
    [2m[at /Users/briandhakal/Ecom/frontend/node_modules/enhanced-resolve/lib/Resolver.js:1080:5][0m
    [2m[at eval (eval at create (/Users/briandhakal/Ecom/frontend/node_modules/tapable/lib/HookCodeFactory.js:31:10), <anonymous>:15:1)][0m {
  details: "resolve 'tailwindcss' in '/Users/briandhakal/Ecom'\n" +
    '  Parsed request is a module\n' +
    '  No description file found in /Users/briandhakal/Ecom or above\n' +
    '  resolve as module\n' +
    '    looking for modules in /Users/briandhakal/Ecom/node_modules\n' +
    '      single file module\n' +
    '        No description file found in /Users/briandhakal/Ecom/node_modules or above\n' +
    '        no extension\n' +
    "          /Users/briandhakal/Ecom/node_modules/tailwindcss doesn't exist\n" +
    '        .css\n' +
    "          /Users/briandhakal/Ecom/node_modules/tailwindcss.css doesn't exist\n" +
    "      /Users/briandhakal/Ecom/node_modules/tailwindcss doesn't exist\n" +
    "    /Users/briandhakal/node_modules doesn't exist or is not a directory\n" +
    "    /Users/node_modules doesn't exist or is not a directory\n" +
    "    /node_modules doesn't exist or is not a directory"
}
Error: Can't resolve 'tailwindcss' in '/Users/briandhakal/Ecom'
    [2m[at finishWithoutResolve (/Users/briandhakal/Ecom/frontend/node_modules/enhanced-resolve/lib/Resolver.js:909:18)][0m
    [2m[at /Users/briandhakal/Ecom/frontend/node_modules/enhanced-resolve/lib/Resolver.js:1001:14][0m
    [2m[at /Users/briandhakal/Ecom/frontend/node_modules/enhanced-resolve/lib/Resolver.js:1080:5][0m
    [2m[at eval (eval at create (/Users/briandhakal/Ecom/frontend/node_modules/tapable/lib/HookCodeFactory.js:31:10), <anonymous>:15:1)][0m
    [2m[at /Users/briandhakal/Ecom/frontend/node_modules/enhanced-resolve/lib/Resolver.js:1080:5][0m
    [2m[at eval (eval at create (/Users/briandhakal/Ecom/frontend/node_modules/tapable/lib/HookCodeFactory.js:31:10), <anonymous>:16:1)][0m
    [2m[at /Users/briandhakal/Ecom/frontend/node_modules/enhanced-resolve/lib/Resolver.js:1080:5][0m
    [2m[at eval (eval at create (/Users/briandhakal/Ecom/frontend/node_modules/tapable/lib/HookCodeFactory.js:31:10), <anonymous>:15:1)][0m
    [2m[at /Users/briandhakal/Ecom/frontend/node_modules/enhanced-resolve/lib/Resolver.js:1080:5][0m
    [2m[at eval (eval at create (/Users/briandhakal/Ecom/frontend/node_modules/tapable/lib/HookCodeFactory.js:31:10), <anonymous>:15:1)][0m {
  details: "resolve 'tailwindcss' in '/Users/briandhakal/Ecom'\n" +
    '  Parsed request is a module\n' +
    '  No description file found in /Users/briandhakal/Ecom or above\n' +
    '  resolve as module\n' +
    '    looking for modules in /Users/briandhakal/Ecom/node_modules\n' +
    '      single file module\n' +
    '        No description file found in /Users/briandhakal/Ecom/node_modules or above\n' +
    '        no extension\n' +
    "          /Users/briandhakal/Ecom/node_modules/tailwindcss doesn't exist\n" +
    '        .css\n' +
    "          /Users/briandhakal/Ecom/node_modules/tailwindcss.css doesn't exist\n" +
    "      /Users/briandhakal/Ecom/node_modules/tailwindcss doesn't exist\n" +
    "    /Users/briandhakal/node_modules doesn't exist or is not a directory\n" +
    "    /Users/node_modules doesn't exist or is not a directory\n" +
    "    /node_modules doesn't exist or is not a directory"
}
Error: Can't resolve 'tailwindcss' in '/Users/briandhakal/Ecom'
    [2m[at finishWithoutResolve (/Users/briandhakal/Ecom/frontend/node_modules/enhanced-resolve/lib/Resolver.js:909:18)][0m
    [2m[at /Users/briandhakal/Ecom/frontend/node_modules/enhanced-resolve/lib/Resolver.js:1001:14][0m
    [2m[at /Users/briandhakal/Ecom/frontend/node_modules/enhanced-resolve/lib/Resolver.js:1080:5][0m
    [2m[at eval (eval at create (/Users/briandhakal/Ecom/frontend/node_modules/tapable/lib/HookCodeFactory.js:31:10), <anonymous>:15:1)][0m
    [2m[at /Users/briandhakal/Ecom/frontend/node_modules/enhanced-resolve/lib/Resolver.js:1080:5][0m
    [2m[at eval (eval at create (/Users/briandhakal/Ecom/frontend/node_modules/tapable/lib/HookCodeFactory.js:31:10), <anonymous>:16:1)][0m
    [2m[at /Users/briandhakal/Ecom/frontend/node_modules/enhanced-resolve/lib/Resolver.js:1080:5][0m
    [2m[at eval (eval at create (/Users/briandhakal/Ecom/frontend/node_modules/tapable/lib/HookCodeFactory.js:31:10), <anonymous>:15:1)][0m
    [2m[at /Users/briandhakal/Ecom/frontend/node_modules/enhanced-resolve/lib/Resolver.js:1080:5][0m
    [2m[at eval (eval at create (/Users/briandhakal/Ecom/frontend/node_modules/tapable/lib/HookCodeFactory.js:31:10), <anonymous>:15:1)][0m {
  details: "resolve 'tailwindcss' in '/Users/briandhakal/Ecom'\n" +
    '  Parsed request is a module\n' +
    '  No description file found in /Users/briandhakal/Ecom or above\n' +
    '  resolve as module\n' +
    '    looking for modules in /Users/briandhakal/Ecom/node_modules\n' +
    '      single file module\n' +
    '        No description file found in /Users/briandhakal/Ecom/node_modules or above\n' +
    '        no extension\n' +
    "          /Users/briandhakal/Ecom/node_modules/tailwindcss doesn't exist\n" +
    '        .css\n' +
    "          /Users/briandhakal/Ecom/node_modules/tailwindcss.css doesn't exist\n" +
    "      /Users/briandhakal/Ecom/node_modules/tailwindcss doesn't exist\n" +
    "    /Users/briandhakal/node_modules doesn't exist or is not a directory\n" +
    "    /Users/node_modules doesn't exist or is not a directory\n" +
    "    /node_modules doesn't exist or is not a directory"
}
Error: Can't resolve 'tailwindcss' in '/Users/briandhakal/Ecom'
    [2m[at finishWithoutResolve (/Users/briandhakal/Ecom/frontend/node_modules/enhanced-resolve/lib/Resolver.js:909:18)][0m
    [2m[at /Users/briandhakal/Ecom/frontend/node_modules/enhanced-resolve/lib/Resolver.js:1001:14][0m
    [2m[at /Users/briandhakal/Ecom/frontend/node_modules/enhanced-resolve/lib/Resolver.js:1080:5][0m
    [2m[at eval (eval at create (/Users/briandhakal/Ecom/frontend/node_modules/tapable/lib/HookCodeFactory.js:31:10), <anonymous>:15:1)][0m
    [2m[at /Users/briandhakal/Ecom/frontend/node_modules/enhanced-resolve/lib/Resolver.js:1080:5][0m
    [2m[at eval (eval at create (/Users/briandhakal/Ecom/frontend/node_modules/tapable/lib/HookCodeFactory.js:31:10), <anonymous>:16:1)][0m
    [2m[at /Users/briandhakal/Ecom/frontend/node_modules/enhanced-resolve/lib/Resolver.js:1080:5][0m
    [2m[at eval (eval at create (/Users/briandhakal/Ecom/frontend/node_modules/tapable/lib/HookCodeFactory.js:31:10), <anonymous>:15:1)][0m
    [2m[at /Users/briandhakal/Ecom/frontend/node_modules/enhanced-resolve/lib/Resolver.js:1080:5][0m
    [2m[at eval (eval at create (/Users/briandhakal/Ecom/frontend/node_modules/tapable/lib/HookCodeFactory.js:31:10), <anonymous>:15:1)][0m {
  details: "resolve 'tailwindcss' in '/Users/briandhakal/Ecom'\n" +
    '  Parsed request is a module\n' +
    '  No description file found in /Users/briandhakal/Ecom or above\n' +
    '  resolve as module\n' +
    '    looking for modules in /Users/briandhakal/Ecom/node_modules\n' +
    '      single file module\n' +
    '        No description file found in /Users/briandhakal/Ecom/node_modules or above\n' +
    '        no extension\n' +
    "          /Users/briandhakal/Ecom/node_modules/tailwindcss doesn't exist\n" +
    '        .css\n' +
    "          /Users/briandhakal/Ecom/node_modules/tailwindcss.css doesn't exist\n" +
    "      /Users/briandhakal/Ecom/node_modules/tailwindcss doesn't exist\n" +
    "    /Users/briandhakal/node_modules doesn't exist or is not a directory\n" +
    "    /Users/node_modules doesn't exist or is not a directory\n" +
    "    /node_modules doesn't exist or is not a directory"
}
Error: Can't resolve 'tailwindcss' in '/Users/briandhakal/Ecom'
    [2m[at finishWithoutResolve (/Users/briandhakal/Ecom/frontend/node_modules/enhanced-resolve/lib/Resolver.js:909:18)][0m
    [2m[at /Users/briandhakal/Ecom/frontend/node_modules/enhanced-resolve/lib/Resolver.js:1001:14][0m
    [2m[at /Users/briandhakal/Ecom/frontend/node_modules/enhanced-resolve/lib/Resolver.js:1080:5][0m
    [2m[at eval (eval at create (/Users/briandhakal/Ecom/frontend/node_modules/tapable/lib/HookCodeFactory.js:31:10), <anonymous>:15:1)][0m
    [2m[at /Users/briandhakal/Ecom/frontend/node_modules/enhanced-resolve/lib/Resolver.js:1080:5][0m
    [2m[at eval (eval at create (/Users/briandhakal/Ecom/frontend/node_modules/tapable/lib/HookCodeFactory.js:31:10), <anonymous>:16:1)][0m
    [2m[at /Users/briandhakal/Ecom/frontend/node_modules/enhanced-resolve/lib/Resolver.js:1080:5][0m
    [2m[at eval (eval at create (/Users/briandhakal/Ecom/frontend/node_modules/tapable/lib/HookCodeFactory.js:31:10), <anonymous>:15:1)][0m
    [2m[at /Users/briandhakal/Ecom/frontend/node_modules/enhanced-resolve/lib/Resolver.js:1080:5][0m
    [2m[at eval (eval at create (/Users/briandhakal/Ecom/frontend/node_modules/tapable/lib/HookCodeFactory.js:31:10), <anonymous>:15:1)][0m {
  details: "resolve 'tailwindcss' in '/Users/briandhakal/Ecom'\n" +
    '  Parsed request is a module\n' +
    '  No description file found in /Users/briandhakal/Ecom or above\n' +
    '  resolve as module\n' +
    '    looking for modules in /Users/briandhakal/Ecom/node_modules\n' +
    '      single file module\n' +
    '        No description file found in /Users/briandhakal/Ecom/node_modules or above\n' +
    '        no extension\n' +
    "          /Users/briandhakal/Ecom/node_modules/tailwindcss doesn't exist\n" +
    '        .css\n' +
    "          /Users/briandhakal/Ecom/node_modules/tailwindcss.css doesn't exist\n" +
    "      /Users/briandhakal/Ecom/node_modules/tailwindcss doesn't exist\n" +
    "    /Users/briandhakal/node_modules doesn't exist or is not a directory\n" +
    "    /Users/node_modules doesn't exist or is not a directory\n" +
    "    /node_modules doesn't exist or is not a directory"
}
Error: Can't resolve 'tailwindcss' in '/Users/briandhakal/Ecom'
    [2m[at finishWithoutResolve (/Users/briandhakal/Ecom/frontend/node_modules/enhanced-resolve/lib/Resolver.js:909:18)][0m
    [2m[at /Users/briandhakal/Ecom/frontend/node_modules/enhanced-resolve/lib/Resolver.js:1001:14][0m
    [2m[at /Users/briandhakal/Ecom/frontend/node_modules/enhanced-resolve/lib/Resolver.js:1080:5][0m
    [2m[at eval (eval at create (/Users/briandhakal/Ecom/frontend/node_modules/tapable/lib/HookCodeFactory.js:31:10), <anonymous>:15:1)][0m
    [2m[at /Users/briandhakal/Ecom/frontend/node_modules/enhanced-resolve/lib/Resolver.js:1080:5][0m
    [2m[at eval (eval at create (/Users/briandhakal/Ecom/frontend/node_modules/tapable/lib/HookCodeFactory.js:31:10), <anonymous>:16:1)][0m
    [2m[at /Users/briandhakal/Ecom/frontend/node_modules/enhanced-resolve/lib/Resolver.js:1080:5][0m
    [2m[at eval (eval at create (/Users/briandhakal/Ecom/frontend/node_modules/tapable/lib/HookCodeFactory.js:31:10), <anonymous>:15:1)][0m
    [2m[at /Users/briandhakal/Ecom/frontend/node_modules/enhanced-resolve/lib/Resolver.js:1080:5][0m
    [2m[at eval (eval at create (/Users/briandhakal/Ecom/frontend/node_modules/tapable/lib/HookCodeFactory.js:31:10), <anonymous>:15:1)][0m {
  details: "resolve 'tailwindcss' in '/Users/briandhakal/Ecom'\n" +
    '  Parsed request is a module\n' +
    '  No description file found in /Users/briandhakal/Ecom or above\n' +
    '  resolve as module\n' +
    '    looking for modules in /Users/briandhakal/Ecom/node_modules\n' +
    '      single file module\n' +
    '        No description file found in /Users/briandhakal/Ecom/node_modules or above\n' +
    '        no extension\n' +
    "          /Users/briandhakal/Ecom/node_modules/tailwindcss doesn't exist\n" +
    '        .css\n' +
    "          /Users/briandhakal/Ecom/node_modules/tailwindcss.css doesn't exist\n" +
    "      /Users/briandhakal/Ecom/node_modules/tailwindcss doesn't exist\n" +
    "    /Users/briandhakal/node_modules doesn't exist or is not a directory\n" +
    "    /Users/node_modules doesn't exist or is not a directory\n" +
    "    /node_modules doesn't exist or is not a directory"
}
Error: Can't resolve 'tailwindcss' in '/Users/briandhakal/Ecom'
    [2m[at finishWithoutResolve (/Users/briandhakal/Ecom/frontend/node_modules/enhanced-resolve/lib/Resolver.js:909:18)][0m
    [2m[at /Users/briandhakal/Ecom/frontend/node_modules/enhanced-resolve/lib/Resolver.js:1001:14][0m
    [2m[at /Users/briandhakal/Ecom/frontend/node_modules/enhanced-resolve/lib/Resolver.js:1080:5][0m
    [2m[at eval (eval at create (/Users/briandhakal/Ecom/frontend/node_modules/tapable/lib/HookCodeFactory.js:31:10), <anonymous>:15:1)][0m
    [2m[at /Users/briandhakal/Ecom/frontend/node_modules/enhanced-resolve/lib/Resolver.js:1080:5][0m
    [2m[at eval (eval at create (/Users/briandhakal/Ecom/frontend/node_modules/tapable/lib/HookCodeFactory.js:31:10), <anonymous>:16:1)][0m
    [2m[at /Users/briandhakal/Ecom/frontend/node_modules/enhanced-resolve/lib/Resolver.js:1080:5][0m
    [2m[at eval (eval at create (/Users/briandhakal/Ecom/frontend/node_modules/tapable/lib/HookCodeFactory.js:31:10), <anonymous>:15:1)][0m
    [2m[at /Users/briandhakal/Ecom/frontend/node_modules/enhanced-resolve/lib/Resolver.js:1080:5][0m
    [2m[at eval (eval at create (/Users/briandhakal/Ecom/frontend/node_modules/tapable/lib/HookCodeFactory.js:31:10), <anonymous>:15:1)][0m {
  details: "resolve 'tailwindcss' in '/Users/briandhakal/Ecom'\n" +
    '  Parsed request is a module\n' +
    '  No description file found in /Users/briandhakal/Ecom or above\n' +
    '  resolve as module\n' +
    '    looking for modules in /Users/briandhakal/Ecom/node_modules\n' +
    '      single file module\n' +
    '        No description file found in /Users/briandhakal/Ecom/node_modules or above\n' +
    '        no extension\n' +
    "          /Users/briandhakal/Ecom/node_modules/tailwindcss doesn't exist\n" +
    '        .css\n' +
    "          /Users/briandhakal/Ecom/node_modules/tailwindcss.css doesn't exist\n" +
    "      /Users/briandhakal/Ecom/node_modules/tailwindcss doesn't exist\n" +
    "    /Users/briandhakal/node_modules doesn't exist or is not a directory\n" +
    "    /Users/node_modules doesn't exist or is not a directory\n" +
    "    /node_modules doesn't exist or is not a directory"
}
Error: Can't resolve 'tailwindcss' in '/Users/briandhakal/Ecom'
    [2m[at finishWithoutResolve (/Users/briandhakal/Ecom/frontend/node_modules/enhanced-resolve/lib/Resolver.js:909:18)][0m
    [2m[at /Users/briandhakal/Ecom/frontend/node_modules/enhanced-resolve/lib/Resolver.js:1001:14][0m
    [2m[at /Users/briandhakal/Ecom/frontend/node_modules/enhanced-resolve/lib/Resolver.js:1080:5][0m
    [2m[at eval (eval at create (/Users/briandhakal/Ecom/frontend/node_modules/tapable/lib/HookCodeFactory.js:31:10), <anonymous>:15:1)][0m
    [2m[at /Users/briandhakal/Ecom/frontend/node_modules/enhanced-resolve/lib/Resolver.js:1080:5][0m
    [2m[at eval (eval at create (/Users/briandhakal/Ecom/frontend/node_modules/tapable/lib/HookCodeFactory.js:31:10), <anonymous>:16:1)][0m
    [2m[at /Users/briandhakal/Ecom/frontend/node_modules/enhanced-resolve/lib/Resolver.js:1080:5][0m
    [2m[at eval (eval at create (/Users/briandhakal/Ecom/frontend/node_modules/tapable/lib/HookCodeFactory.js:31:10), <anonymous>:15:1)][0m
    [2m[at /Users/briandhakal/Ecom/frontend/node_modules/enhanced-resolve/lib/Resolver.js:1080:5][0m
    [2m[at eval (eval at create (/Users/briandhakal/Ecom/frontend/node_modules/tapable/lib/HookCodeFactory.js:31:10), <anonymous>:15:1)][0m {
  details: "resolve 'tailwindcss' in '/Users/briandhakal/Ecom'\n" +
    '  Parsed request is a module\n' +
    '  No description file found in /Users/briandhakal/Ecom or above\n' +
    '  resolve as module\n' +
    '    looking for modules in /Users/briandhakal/Ecom/node_modules\n' +
    '      single file module\n' +
    '        No description file found in /Users/briandhakal/Ecom/node_modules or above\n' +
    '        no extension\n' +
    "          /Users/briandhakal/Ecom/node_modules/tailwindcss doesn't exist\n" +
    '        .css\n' +
    "          /Users/briandhakal/Ecom/node_modules/tailwindcss.css doesn't exist\n" +
    "      /Users/briandhakal/Ecom/node_modules/tailwindcss doesn't exist\n" +
    "    /Users/briandhakal/node_modules doesn't exist or is not a directory\n" +
    "    /Users/node_modules doesn't exist or is not a directory\n" +
    "    /node_modules doesn't exist or is not a directory"
}
Error: Can't resolve 'tailwindcss' in '/Users/briandhakal/Ecom'
    [2m[at finishWithoutResolve (/Users/briandhakal/Ecom/frontend/node_modules/enhanced-resolve/lib/Resolver.js:909:18)][0m
    [2m[at /Users/briandhakal/Ecom/frontend/node_modules/enhanced-resolve/lib/Resolver.js:1001:14][0m
    [2m[at /Users/briandhakal/Ecom/frontend/node_modules/enhanced-resolve/lib/Resolver.js:1080:5][0m
    [2m[at eval (eval at create (/Users/briandhakal/Ecom/frontend/node_modules/tapable/lib/HookCodeFactory.js:31:10), <anonymous>:15:1)][0m
    [2m[at /Users/briandhakal/Ecom/frontend/node_modules/enhanced-resolve/lib/Resolver.js:1080:5][0m
    [2m[at eval (eval at create (/Users/briandhakal/Ecom/frontend/node_modules/tapable/lib/HookCodeFactory.js:31:10), <anonymous>:16:1)][0m
    [2m[at /Users/briandhakal/Ecom/frontend/node_modules/enhanced-resolve/lib/Resolver.js:1080:5][0m
    [2m[at eval (eval at create (/Users/briandhakal/Ecom/frontend/node_modules/tapable/lib/HookCodeFactory.js:31:10), <anonymous>:15:1)][0m
    [2m[at /Users/briandhakal/Ecom/frontend/node_modules/enhanced-resolve/lib/Resolver.js:1080:5][0m
    [2m[at eval (eval at create (/Users/briandhakal/Ecom/frontend/node_modules/tapable/lib/HookCodeFactory.js:31:10), <anonymous>:15:1)][0m {
  details: "resolve 'tailwindcss' in '/Users/briandhakal/Ecom'\n" +
    '  Parsed request is a module\n' +
    '  No description file found in /Users/briandhakal/Ecom or above\n' +
    '  resolve as module\n' +
    '    looking for modules in /Users/briandhakal/Ecom/node_modules\n' +
    '      single file module\n' +
    '        No description file found in /Users/briandhakal/Ecom/node_modules or above\n' +
    '        no extension\n' +
    "          /Users/briandhakal/Ecom/node_modules/tailwindcss doesn't exist\n" +
    '        .css\n' +
    "          /Users/briandhakal/Ecom/node_modules/tailwindcss.css doesn't exist\n" +
    "      /Users/briandhakal/Ecom/node_modules/tailwindcss doesn't exist\n" +
    "    /Users/briandhakal/node_modules doesn't exist or is not a directory\n" +
    "    /Users/node_modules doesn't exist or is not a directory\n" +
    "    /node_modules doesn't exist or is not a directory"
}
Error: Can't resolve 'tailwindcss' in '/Users/briandhakal/Ecom'
    [2m[at finishWithoutResolve (/Users/briandhakal/Ecom/frontend/node_modules/enhanced-resolve/lib/Resolver.js:909:18)][0m
    [2m[at /Users/briandhakal/Ecom/frontend/node_modules/enhanced-resolve/lib/Resolver.js:1001:14][0m
    [2m[at /Users/briandhakal/Ecom/frontend/node_modules/enhanced-resolve/lib/Resolver.js:1080:5][0m
    [2m[at eval (eval at create (/Users/briandhakal/Ecom/frontend/node_modules/tapable/lib/HookCodeFactory.js:31:10), <anonymous>:15:1)][0m
    [2m[at /Users/briandhakal/Ecom/frontend/node_modules/enhanced-resolve/lib/Resolver.js:1080:5][0m
    [2m[at eval (eval at create (/Users/briandhakal/Ecom/frontend/node_modules/tapable/lib/HookCodeFactory.js:31:10), <anonymous>:16:1)][0m
    [2m[at /Users/briandhakal/Ecom/frontend/node_modules/enhanced-resolve/lib/Resolver.js:1080:5][0m
    [2m[at eval (eval at create (/Users/briandhakal/Ecom/frontend/node_modules/tapable/lib/HookCodeFactory.js:31:10), <anonymous>:15:1)][0m
    [2m[at /Users/briandhakal/Ecom/frontend/node_modules/enhanced-resolve/lib/Resolver.js:1080:5][0m
    [2m[at eval (eval at create (/Users/briandhakal/Ecom/frontend/node_modules/tapable/lib/HookCodeFactory.js:31:10), <anonymous>:15:1)][0m {
  details: "resolve 'tailwindcss' in '/Users/briandhakal/Ecom'\n" +
    '  Parsed request is a module\n' +
    '  No description file found in /Users/briandhakal/Ecom or above\n' +
    '  resolve as module\n' +
    '    looking for modules in /Users/briandhakal/Ecom/node_modules\n' +
    '      single file module\n' +
    '        No description file found in /Users/briandhakal/Ecom/node_modules or above\n' +
    '        no extension\n' +
    "          /Users/briandhakal/Ecom/node_modules/tailwindcss doesn't exist\n" +
    '        .css\n' +
    "          /Users/briandhakal/Ecom/node_modules/tailwindcss.css doesn't exist\n" +
    "      /Users/briandhakal/Ecom/node_modules/tailwindcss doesn't exist\n" +
    "    /Users/briandhakal/node_modules doesn't exist or is not a directory\n" +
    "    /Users/node_modules doesn't exist or is not a directory\n" +
    "    /node_modules doesn't exist or is not a directory"
}
Error: Can't resolve 'tailwindcss' in '/Users/briandhakal/Ecom'
    [2m[at finishWithoutResolve (/Users/briandhakal/Ecom/frontend/node_modules/enhanced-resolve/lib/Resolver.js:909:18)][0m
    [2m[at /Users/briandhakal/Ecom/frontend/node_modules/enhanced-resolve/lib/Resolver.js:1001:14][0m
    [2m[at /Users/briandhakal/Ecom/frontend/node_modules/enhanced-resolve/lib/Resolver.js:1080:5][0m
    [2m[at eval (eval at create (/Users/briandhakal/Ecom/frontend/node_modules/tapable/lib/HookCodeFactory.js:31:10), <anonymous>:15:1)][0m
    [2m[at /Users/briandhakal/Ecom/frontend/node_modules/enhanced-resolve/lib/Resolver.js:1080:5][0m
    [2m[at eval (eval at create (/Users/briandhakal/Ecom/frontend/node_modules/tapable/lib/HookCodeFactory.js:31:10), <anonymous>:16:1)][0m
    [2m[at /Users/briandhakal/Ecom/frontend/node_modules/enhanced-resolve/lib/Resolver.js:1080:5][0m
    [2m[at eval (eval at create (/Users/briandhakal/Ecom/frontend/node_modules/tapable/lib/HookCodeFactory.js:31:10), <anonymous>:15:1)][0m
    [2m[at /Users/briandhakal/Ecom/frontend/node_modules/enhanced-resolve/lib/Resolver.js:1080:5][0m
    [2m[at eval (eval at create (/Users/briandhakal/Ecom/frontend/node_modules/tapable/lib/HookCodeFactory.js:31:10), <anonymous>:15:1)][0m {
  details: "resolve 'tailwindcss' in '/Users/briandhakal/Ecom'\n" +
    '  Parsed request is a module\n' +
    '  No description file found in /Users/briandhakal/Ecom or above\n' +
    '  resolve as module\n' +
    '    looking for modules in /Users/briandhakal/Ecom/node_modules\n' +
    '      single file module\n' +
    '        No description file found in /Users/briandhakal/Ecom/node_modules or above\n' +
    '        no extension\n' +
    "          /Users/briandhakal/Ecom/node_modules/tailwindcss doesn't exist\n" +
    '        .css\n' +
    "          /Users/briandhakal/Ecom/node_modules/tailwindcss.css doesn't exist\n" +
    "      /Users/briandhakal/Ecom/node_modules/tailwindcss doesn't exist\n" +
    "    /Users/briandhakal/node_modules doesn't exist or is not a directory\n" +
    "    /Users/node_modules doesn't exist or is not a directory\n" +
    "    /node_modules doesn't exist or is not a directory"
}
Error: Can't resolve 'tailwindcss' in '/Users/briandhakal/Ecom'
    [2m[at finishWithoutResolve (/Users/briandhakal/Ecom/frontend/node_modules/enhanced-resolve/lib/Resolver.js:909:18)][0m
    [2m[at /Users/briandhakal/Ecom/frontend/node_modules/enhanced-resolve/lib/Resolver.js:1001:14][0m
    [2m[at /Users/briandhakal/Ecom/frontend/node_modules/enhanced-resolve/lib/Resolver.js:1080:5][0m
    [2m[at eval (eval at create (/Users/briandhakal/Ecom/frontend/node_modules/tapable/lib/HookCodeFactory.js:31:10), <anonymous>:15:1)][0m
    [2m[at /Users/briandhakal/Ecom/frontend/node_modules/enhanced-resolve/lib/Resolver.js:1080:5][0m
    [2m[at eval (eval at create (/Users/briandhakal/Ecom/frontend/node_modules/tapable/lib/HookCodeFactory.js:31:10), <anonymous>:16:1)][0m
    [2m[at /Users/briandhakal/Ecom/frontend/node_modules/enhanced-resolve/lib/Resolver.js:1080:5][0m
    [2m[at eval (eval at create (/Users/briandhakal/Ecom/frontend/node_modules/tapable/lib/HookCodeFactory.js:31:10), <anonymous>:15:1)][0m
    [2m[at /Users/briandhakal/Ecom/frontend/node_modules/enhanced-resolve/lib/Resolver.js:1080:5][0m
    [2m[at eval (eval at create (/Users/briandhakal/Ecom/frontend/node_modules/tapable/lib/HookCodeFactory.js:31:10), <anonymous>:15:1)][0m {
  details: "resolve 'tailwindcss' in '/Users/briandhakal/Ecom'\n" +
    '  Parsed request is a module\n' +
    '  No description file found in /Users/briandhakal/Ecom or above\n' +
    '  resolve as module\n' +
    '    looking for modules in /Users/briandhakal/Ecom/node_modules\n' +
    '      single file module\n' +
    '        No description file found in /Users/briandhakal/Ecom/node_modules or above\n' +
    '        no extension\n' +
    "          /Users/briandhakal/Ecom/node_modules/tailwindcss doesn't exist\n" +
    '        .css\n' +
    "          /Users/briandhakal/Ecom/node_modules/tailwindcss.css doesn't exist\n" +
    "      /Users/briandhakal/Ecom/node_modules/tailwindcss doesn't exist\n" +
    "    /Users/briandhakal/node_modules doesn't exist or is not a directory\n" +
    "    /Users/node_modules doesn't exist or is not a directory\n" +
    "    /node_modules doesn't exist or is not a directory"
}
Error: Can't resolve 'tailwindcss' in '/Users/briandhakal/Ecom'
    [2m[at finishWithoutResolve (/Users/briandhakal/Ecom/frontend/node_modules/enhanced-resolve/lib/Resolver.js:909:18)][0m
    [2m[at /Users/briandhakal/Ecom/frontend/node_modules/enhanced-resolve/lib/Resolver.js:1001:14][0m
    [2m[at /Users/briandhakal/Ecom/frontend/node_modules/enhanced-resolve/lib/Resolver.js:1080:5][0m
    [2m[at eval (eval at create (/Users/briandhakal/Ecom/frontend/node_modules/tapable/lib/HookCodeFactory.js:31:10), <anonymous>:15:1)][0m
    [2m[at /Users/briandhakal/Ecom/frontend/node_modules/enhanced-resolve/lib/Resolver.js:1080:5][0m
    [2m[at eval (eval at create (/Users/briandhakal/Ecom/frontend/node_modules/tapable/lib/HookCodeFactory.js:31:10), <anonymous>:16:1)][0m
    [2m[at /Users/briandhakal/Ecom/frontend/node_modules/enhanced-resolve/lib/Resolver.js:1080:5][0m
    [2m[at eval (eval at create (/Users/briandhakal/Ecom/frontend/node_modules/tapable/lib/HookCodeFactory.js:31:10), <anonymous>:15:1)][0m
    [2m[at /Users/briandhakal/Ecom/frontend/node_modules/enhanced-resolve/lib/Resolver.js:1080:5][0m
    [2m[at eval (eval at create (/Users/briandhakal/Ecom/frontend/node_modules/tapable/lib/HookCodeFactory.js:31:10), <anonymous>:15:1)][0m {
  details: "resolve 'tailwindcss' in '/Users/briandhakal/Ecom'\n" +
    '  Parsed request is a module\n' +
    '  No description file found in /Users/briandhakal/Ecom or above\n' +
    '  resolve as module\n' +
    '    looking for modules in /Users/briandhakal/Ecom/node_modules\n' +
    '      single file module\n' +
    '        No description file found in /Users/briandhakal/Ecom/node_modules or above\n' +
    '        no extension\n' +
    "          /Users/briandhakal/Ecom/node_modules/tailwindcss doesn't exist\n" +
    '        .css\n' +
    "          /Users/briandhakal/Ecom/node_modules/tailwindcss.css doesn't exist\n" +
    "      /Users/briandhakal/Ecom/node_modules/tailwindcss doesn't exist\n" +
    "    /Users/briandhakal/node_modules doesn't exist or is not a directory\n" +
    "    /Users/node_modules doesn't exist or is not a directory\n" +
    "    /node_modules doesn't exist or is not a directory"
}
✓ Finished writing to filesystem cache in 23.3s
Error: Can't resolve 'tailwindcss' in '/Users/briandhakal/Ecom'
    [2m[at finishWithoutResolve (/Users/briandhakal/Ecom/frontend/node_modules/enhanced-resolve/lib/Resolver.js:909:18)][0m
    [2m[at /Users/briandhakal/Ecom/frontend/node_modules/enhanced-resolve/lib/Resolver.js:1001:14][0m
    [2m[at /Users/briandhakal/Ecom/frontend/node_modules/enhanced-resolve/lib/Resolver.js:1080:5][0m
    [2m[at eval (eval at create (/Users/briandhakal/Ecom/frontend/node_modules/tapable/lib/HookCodeFactory.js:31:10), <anonymous>:15:1)][0m
    [2m[at /Users/briandhakal/Ecom/frontend/node_modules/enhanced-resolve/lib/Resolver.js:1080:5][0m
    [2m[at eval (eval at create (/Users/briandhakal/Ecom/frontend/node_modules/tapable/lib/HookCodeFactory.js:31:10), <anonymous>:16:1)][0m
    [2m[at /Users/briandhakal/Ecom/frontend/node_modules/enhanced-resolve/lib/Resolver.js:1080:5][0m
    [2m[at eval (eval at create (/Users/briandhakal/Ecom/frontend/node_modules/tapable/lib/HookCodeFactory.js:31:10), <anonymous>:15:1)][0m
    [2m[at /Users/briandhakal/Ecom/frontend/node_modules/enhanced-resolve/lib/Resolver.js:1080:5][0m
    [2m[at eval (eval at create (/Users/briandhakal/Ecom/frontend/node_modules/tapable/lib/HookCodeFactory.js:31:10), <anonymous>:15:1)][0m {
  details: "resolve 'tailwindcss' in '/Users/briandhakal/Ecom'\n" +
    '  Parsed request is a module\n' +
    '  No description file found in /Users/briandhakal/Ecom or above\n' +
    '  resolve as module\n' +
    '    looking for modules in /Users/briandhakal/Ecom/node_modules\n' +
    '      single file module\n' +
    '        No description file found in /Users/briandhakal/Ecom/node_modules or above\n' +
    '        no extension\n' +
    "          /Users/briandhakal/Ecom/node_modules/tailwindcss doesn't exist\n" +
    '        .css\n' +
    "          /Users/briandhakal/Ecom/node_modules/tailwindcss.css doesn't exist\n" +
    "      /Users/briandhakal/Ecom/node_modules/tailwindcss doesn't exist\n" +
    "    /Users/briandhakal/node_modules doesn't exist or is not a directory\n" +
    "    /Users/node_modules doesn't exist or is not a directory\n" +
    "    /node_modules doesn't exist or is not a directory"
}
Error: Can't resolve 'tailwindcss' in '/Users/briandhakal/Ecom'
    [2m[at finishWithoutResolve (/Users/briandhakal/Ecom/frontend/node_modules/enhanced-resolve/lib/Resolver.js:909:18)][0m
    [2m[at /Users/briandhakal/Ecom/frontend/node_modules/enhanced-resolve/lib/Resolver.js:1001:14][0m
    [2m[at /Users/briandhakal/Ecom/frontend/node_modules/enhanced-resolve/lib/Resolver.js:1080:5][0m
    [2m[at eval (eval at create (/Users/briandhakal/Ecom/frontend/node_modules/tapable/lib/HookCodeFactory.js:31:10), <anonymous>:15:1)][0m
    [2m[at /Users/briandhakal/Ecom/frontend/node_modules/enhanced-resolve/lib/Resolver.js:1080:5][0m
    [2m[at eval (eval at create (/Users/briandhakal/Ecom/frontend/node_modules/tapable/lib/HookCodeFactory.js:31:10), <anonymous>:16:1)][0m
    [2m[at /Users/briandhakal/Ecom/frontend/node_modules/enhanced-resolve/lib/Resolver.js:1080:5][0m
    [2m[at eval (eval at create (/Users/briandhakal/Ecom/frontend/node_modules/tapable/lib/HookCodeFactory.js:31:10), <anonymous>:15:1)][0m
    [2m[at /Users/briandhakal/Ecom/frontend/node_modules/enhanced-resolve/lib/Resolver.js:1080:5][0m
    [2m[at eval (eval at create (/Users/briandhakal/Ecom/frontend/node_modules/tapable/lib/HookCodeFactory.js:31:10), <anonymous>:15:1)][0m {
  details: "resolve 'tailwindcss' in '/Users/briandhakal/Ecom'\n" +
    '  Parsed request is a module\n' +
    '  No description file found in /Users/briandhakal/Ecom or above\n' +
    '  resolve as module\n' +
    '    looking for modules in /Users/briandhakal/Ecom/node_modules\n' +
    '      single file module\n' +
    '        No description file found in /Users/briandhakal/Ecom/node_modules or above\n' +
    '        no extension\n' +
    "          /Users/briandhakal/Ecom/node_modules/tailwindcss doesn't exist\n" +
    '        .css\n' +
    "          /Users/briandhakal/Ecom/node_modules/tailwindcss.css doesn't exist\n" +
    "      /Users/briandhakal/Ecom/node_modules/tailwindcss doesn't exist\n" +
    "    /Users/briandhakal/node_modules doesn't exist or is not a directory\n" +
    "    /Users/node_modules doesn't exist or is not a directory\n" +
    "    /node_modules doesn't exist or is not a directory"
}
